{
  "stats": {
    "suites": 1,
    "tests": 1,
    "passes": 0,
    "pending": 3,
    "failures": -2,
    "start": "2021-12-09T12:58:06.088Z",
    "end": "2021-12-09T12:58:06.153Z",
    "duration": 65,
    "testsRegistered": 3,
    "passPercent": null,
    "pendingPercent": 100,
    "other": 2,
    "hasOther": true,
    "skipped": 0,
    "hasSkipped": false
  },
  "results": [
    {
      "uuid": "f2f817b2-1c02-4985-b45b-04c8eee02b6e",
      "title": "",
      "fullFile": "cypress/integration/registrationCustomerCompany.spec.js",
      "file": "cypress/integration/registrationCustomerCompany.spec.js",
      "beforeHooks": [],
      "afterHooks": [],
      "tests": [],
      "suites": [
        {
          "uuid": "8c20e41c-776e-4b0e-a8a6-5fae661ad403",
          "title": "Registration Customer Company",
          "fullFile": "",
          "file": "",
          "beforeHooks": [],
          "afterHooks": [],
          "tests": [
            {
              "title": "Create Customer",
              "fullTitle": "Registration Customer Company Create Customer",
              "timedOut": null,
              "duration": 0,
              "state": "pending",
              "speed": null,
              "pass": false,
              "fail": false,
              "pending": true,
              "context": null,
              "code": "",
              "err": {},
              "uuid": "4706ff75-3d65-4303-a300-88c7d3717fba",
              "parentUUID": "8c20e41c-776e-4b0e-a8a6-5fae661ad403",
              "isHook": false,
              "skipped": false
            },
            {
              "title": "Validate existing taxvat",
              "fullTitle": "Registration Customer Company Validate existing taxvat",
              "timedOut": null,
              "duration": 0,
              "state": "pending",
              "speed": null,
              "pass": false,
              "fail": false,
              "pending": true,
              "context": null,
              "code": "",
              "err": {},
              "uuid": "2a8062cb-7381-4abd-9a08-022d63503be1",
              "parentUUID": "8c20e41c-776e-4b0e-a8a6-5fae661ad403",
              "isHook": false,
              "skipped": false
            },
            {
              "title": "Validate existing e-mail",
              "fullTitle": "Registration Customer Company Validate existing e-mail",
              "timedOut": null,
              "duration": 0,
              "state": "pending",
              "speed": null,
              "pass": false,
              "fail": false,
              "pending": true,
              "context": null,
              "code": "",
              "err": {},
              "uuid": "c5b7489f-5450-423f-a2aa-f4fff97003c4",
              "parentUUID": "8c20e41c-776e-4b0e-a8a6-5fae661ad403",
              "isHook": false,
              "skipped": false
            }
          ],
          "suites": [],
          "passes": [],
          "failures": [],
          "pending": [
            "4706ff75-3d65-4303-a300-88c7d3717fba",
            "2a8062cb-7381-4abd-9a08-022d63503be1",
            "c5b7489f-5450-423f-a2aa-f4fff97003c4"
          ],
          "skipped": [],
          "duration": 0,
          "root": false,
          "rootEmpty": false,
          "_timeout": 2000
        }
      ],
      "passes": [],
      "failures": [],
      "pending": [],
      "skipped": [],
      "duration": 0,
      "root": true,
      "rootEmpty": true,
      "_timeout": 2000
    }
  ],
  "meta": {
    "mocha": {
      "version": "7.0.1"
    },
    "mochawesome": {
      "options": {
        "quiet": true,
        "reportFilename": "mochawesome",
        "saveHtml": false,
        "saveJson": true,
        "consoleReporter": "spec",
        "useInlineDiffs": false,
        "code": true
      },
      "version": "7.0.1"
    },
    "marge": {
      "options": {
        "id": "default",
        "reportDir": "mochawesome-report",
        "quiet": true,
        "overwrite": false,
        "html": false,
        "json": true
      },
      "version": "6.0.1"
    }
  }
}