{
  "stats": {
    "suites": 1,
    "tests": 3,
    "passes": 3,
    "pending": 0,
    "failures": 0,
    "start": "2021-12-09T12:47:45.920Z",
    "end": "2021-12-09T12:48:33.643Z",
    "duration": 47723,
    "testsRegistered": 3,
    "passPercent": 100,
    "pendingPercent": 0,
    "other": 0,
    "hasOther": false,
    "skipped": 0,
    "hasSkipped": false
  },
  "results": [
    {
      "uuid": "2a530d01-8ace-4be0-ad84-a88405ae980d",
      "title": "",
      "fullFile": "cypress/integration/registrationCustomer.spec.js",
      "file": "cypress/integration/registrationCustomer.spec.js",
      "beforeHooks": [],
      "afterHooks": [],
      "tests": [],
      "suites": [
        {
          "uuid": "d21f4fe7-a90c-4ed1-96d1-08d4e4970fe1",
          "title": "Registration Customer",
          "fullFile": "",
          "file": "",
          "beforeHooks": [],
          "afterHooks": [],
          "tests": [
            {
              "title": "Create Customer",
              "fullTitle": "Registration Customer Create Customer",
              "timedOut": null,
              "duration": 18028,
              "state": "passed",
              "speed": "slow",
              "pass": true,
              "fail": false,
              "pending": false,
              "context": null,
              "code": "const customer = 'pf';\ncy.standardFormFields();\ncy.fillFormCustomer(customer);\ncy.submitForm();\ncy.successfulCreation();\ncy.clearCookies();",
              "err": {},
              "uuid": "7681dcb7-0be3-42e7-979b-d5b937b02c61",
              "parentUUID": "d21f4fe7-a90c-4ed1-96d1-08d4e4970fe1",
              "isHook": false,
              "skipped": false
            },
            {
              "title": "Validate existing taxvat",
              "fullTitle": "Registration Customer Validate existing taxvat",
              "timedOut": null,
              "duration": 13094,
              "state": "passed",
              "speed": "slow",
              "pass": true,
              "fail": false,
              "pending": false,
              "context": null,
              "code": "const taxvat = 'pf';\ncy.standardFormFields();\ncy.fillFormCustomer(taxvat);\ncy.validateExistTaxvat(taxvat);",
              "err": {},
              "uuid": "40921941-7173-4814-983e-dc184ee79d34",
              "parentUUID": "d21f4fe7-a90c-4ed1-96d1-08d4e4970fe1",
              "isHook": false,
              "skipped": false
            },
            {
              "title": "Validate existing e-mail",
              "fullTitle": "Registration Customer Validate existing e-mail",
              "timedOut": null,
              "duration": 16026,
              "state": "passed",
              "speed": "slow",
              "pass": true,
              "fail": false,
              "pending": false,
              "context": null,
              "code": "const customer = 'pf';\ncy.standardFormFields();\ncy.fillFormCustomer(customer);\ncy.validateExistEmail(customer);",
              "err": {},
              "uuid": "a37d54ea-006d-49b4-9f08-b1e2086a1af3",
              "parentUUID": "d21f4fe7-a90c-4ed1-96d1-08d4e4970fe1",
              "isHook": false,
              "skipped": false
            }
          ],
          "suites": [],
          "passes": [
            "7681dcb7-0be3-42e7-979b-d5b937b02c61",
            "40921941-7173-4814-983e-dc184ee79d34",
            "a37d54ea-006d-49b4-9f08-b1e2086a1af3"
          ],
          "failures": [],
          "pending": [],
          "skipped": [],
          "duration": 47148,
          "root": false,
          "rootEmpty": false,
          "_timeout": 2000
        }
      ],
      "passes": [],
      "failures": [],
      "pending": [],
      "skipped": [],
      "duration": 0,
      "root": true,
      "rootEmpty": true,
      "_timeout": 2000
    }
  ],
  "meta": {
    "mocha": {
      "version": "7.0.1"
    },
    "mochawesome": {
      "options": {
        "quiet": true,
        "reportFilename": "mochawesome",
        "saveHtml": false,
        "saveJson": true,
        "consoleReporter": "spec",
        "useInlineDiffs": false,
        "code": true
      },
      "version": "7.0.1"
    },
    "marge": {
      "options": {
        "id": "default",
        "reportDir": "mochawesome-report",
        "quiet": true,
        "overwrite": false,
        "html": false,
        "json": true
      },
      "version": "6.0.1"
    }
  }
}