{
  "stats": {
    "suites": 1,
    "tests": 3,
    "passes": 3,
    "pending": 0,
    "failures": 0,
    "start": "2021-12-09T12:56:49.239Z",
    "end": "2021-12-09T12:57:41.874Z",
    "duration": 52635,
    "testsRegistered": 3,
    "passPercent": 100,
    "pendingPercent": 0,
    "other": 0,
    "hasOther": false,
    "skipped": 0,
    "hasSkipped": false
  },
  "results": [
    {
      "uuid": "3607a492-2012-4fae-9ab4-b0aa5c2a2248",
      "title": "",
      "fullFile": "cypress/integration/registrationCustomer.spec.js",
      "file": "cypress/integration/registrationCustomer.spec.js",
      "beforeHooks": [],
      "afterHooks": [],
      "tests": [],
      "suites": [
        {
          "uuid": "5ce74b24-a4c5-4fac-97ff-330cde46424c",
          "title": "Registration Customer",
          "fullFile": "",
          "file": "",
          "beforeHooks": [],
          "afterHooks": [],
          "tests": [
            {
              "title": "Create Customer",
              "fullTitle": "Registration Customer Create Customer",
              "timedOut": null,
              "duration": 19790,
              "state": "passed",
              "speed": "slow",
              "pass": true,
              "fail": false,
              "pending": false,
              "context": null,
              "code": "const customer = 'pf';\ncy.standardFormFields();\ncy.fillFormCustomer(customer);\ncy.submitForm();\ncy.successfulCreation();\ncy.clearCookies();",
              "err": {},
              "uuid": "41a2b902-c181-4360-9e2a-c65b2ca2433a",
              "parentUUID": "5ce74b24-a4c5-4fac-97ff-330cde46424c",
              "isHook": false,
              "skipped": false
            },
            {
              "title": "Validate existing taxvat",
              "fullTitle": "Registration Customer Validate existing taxvat",
              "timedOut": null,
              "duration": 14598,
              "state": "passed",
              "speed": "slow",
              "pass": true,
              "fail": false,
              "pending": false,
              "context": null,
              "code": "const taxvat = 'pf';\ncy.standardFormFields();\ncy.fillFormCustomer(taxvat);\ncy.validateExistTaxvat(taxvat);",
              "err": {},
              "uuid": "a18cbcd3-30e7-4896-98aa-c3843209856e",
              "parentUUID": "5ce74b24-a4c5-4fac-97ff-330cde46424c",
              "isHook": false,
              "skipped": false
            },
            {
              "title": "Validate existing e-mail",
              "fullTitle": "Registration Customer Validate existing e-mail",
              "timedOut": null,
              "duration": 17405,
              "state": "passed",
              "speed": "slow",
              "pass": true,
              "fail": false,
              "pending": false,
              "context": null,
              "code": "const customer = 'pf';\ncy.standardFormFields();\ncy.fillFormCustomer(customer);\ncy.validateExistEmail(customer);",
              "err": {},
              "uuid": "ac2f374e-7619-4692-915f-0b97e1542c15",
              "parentUUID": "5ce74b24-a4c5-4fac-97ff-330cde46424c",
              "isHook": false,
              "skipped": false
            }
          ],
          "suites": [],
          "passes": [
            "41a2b902-c181-4360-9e2a-c65b2ca2433a",
            "a18cbcd3-30e7-4896-98aa-c3843209856e",
            "ac2f374e-7619-4692-915f-0b97e1542c15"
          ],
          "failures": [],
          "pending": [],
          "skipped": [],
          "duration": 51793,
          "root": false,
          "rootEmpty": false,
          "_timeout": 2000
        }
      ],
      "passes": [],
      "failures": [],
      "pending": [],
      "skipped": [],
      "duration": 0,
      "root": true,
      "rootEmpty": true,
      "_timeout": 2000
    }
  ],
  "meta": {
    "mocha": {
      "version": "7.0.1"
    },
    "mochawesome": {
      "options": {
        "quiet": true,
        "reportFilename": "mochawesome",
        "saveHtml": false,
        "saveJson": true,
        "consoleReporter": "spec",
        "useInlineDiffs": false,
        "code": true
      },
      "version": "7.0.1"
    },
    "marge": {
      "options": {
        "id": "default",
        "reportDir": "mochawesome-report",
        "quiet": true,
        "overwrite": false,
        "html": false,
        "json": true
      },
      "version": "6.0.1"
    }
  }
}