{
  "stats": {
    "suites": 1,
    "tests": 3,
    "passes": 3,
    "pending": 0,
    "failures": 0,
    "start": "2021-12-09T12:22:51.063Z",
    "end": "2021-12-09T12:23:36.170Z",
    "duration": 45107,
    "testsRegistered": 3,
    "passPercent": 100,
    "pendingPercent": 0,
    "other": 0,
    "hasOther": false,
    "skipped": 0,
    "hasSkipped": false
  },
  "results": [
    {
      "uuid": "31dfc2db-9480-4383-a951-abc0db6ad339",
      "title": "",
      "fullFile": "cypress/integration/registrationCustomer.spec.js",
      "file": "cypress/integration/registrationCustomer.spec.js",
      "beforeHooks": [],
      "afterHooks": [],
      "tests": [],
      "suites": [
        {
          "uuid": "3c5c3e33-d4f1-402d-80ab-efb1eba78a15",
          "title": "Registration Customer",
          "fullFile": "",
          "file": "",
          "beforeHooks": [],
          "afterHooks": [],
          "tests": [
            {
              "title": "Create Customer",
              "fullTitle": "Registration Customer Create Customer",
              "timedOut": null,
              "duration": 16378,
              "state": "passed",
              "speed": "slow",
              "pass": true,
              "fail": false,
              "pending": false,
              "context": null,
              "code": "const customer = 'pf';\ncy.standardFormFields();\ncy.fillFormCustomer(customer);\ncy.submitForm();\ncy.successfulCreation();\ncy.clearCookies();",
              "err": {},
              "uuid": "d20ad778-1fc9-4c98-b286-4cce33a0ddc6",
              "parentUUID": "3c5c3e33-d4f1-402d-80ab-efb1eba78a15",
              "isHook": false,
              "skipped": false
            },
            {
              "title": "Validate existing taxvat",
              "fullTitle": "Registration Customer Validate existing taxvat",
              "timedOut": null,
              "duration": 13238,
              "state": "passed",
              "speed": "slow",
              "pass": true,
              "fail": false,
              "pending": false,
              "context": null,
              "code": "const taxvat = 'pf';\ncy.standardFormFields();\ncy.fillFormCustomer(taxvat);\ncy.validateExistTaxvat(taxvat);",
              "err": {},
              "uuid": "9338af53-f79b-4d36-8dc6-5f487d8e6efb",
              "parentUUID": "3c5c3e33-d4f1-402d-80ab-efb1eba78a15",
              "isHook": false,
              "skipped": false
            },
            {
              "title": "Validate existing e-mail",
              "fullTitle": "Registration Customer Validate existing e-mail",
              "timedOut": null,
              "duration": 14987,
              "state": "passed",
              "speed": "slow",
              "pass": true,
              "fail": false,
              "pending": false,
              "context": null,
              "code": "const customer = 'pf';\ncy.standardFormFields();\ncy.fillFormCustomer(customer);\ncy.validateExistEmail(customer);",
              "err": {},
              "uuid": "bba3cadd-55ca-48ce-a2f8-ba3f922cf441",
              "parentUUID": "3c5c3e33-d4f1-402d-80ab-efb1eba78a15",
              "isHook": false,
              "skipped": false
            }
          ],
          "suites": [],
          "passes": [
            "d20ad778-1fc9-4c98-b286-4cce33a0ddc6",
            "9338af53-f79b-4d36-8dc6-5f487d8e6efb",
            "bba3cadd-55ca-48ce-a2f8-ba3f922cf441"
          ],
          "failures": [],
          "pending": [],
          "skipped": [],
          "duration": 44603,
          "root": false,
          "rootEmpty": false,
          "_timeout": 2000
        }
      ],
      "passes": [],
      "failures": [],
      "pending": [],
      "skipped": [],
      "duration": 0,
      "root": true,
      "rootEmpty": true,
      "_timeout": 2000
    }
  ],
  "meta": {
    "mocha": {
      "version": "7.0.1"
    },
    "mochawesome": {
      "options": {
        "quiet": true,
        "reportFilename": "mochawesome",
        "saveHtml": false,
        "saveJson": true,
        "consoleReporter": "spec",
        "useInlineDiffs": false,
        "code": true
      },
      "version": "7.0.1"
    },
    "marge": {
      "options": {
        "id": "default",
        "reportDir": "mochawesome-report",
        "quiet": true,
        "overwrite": false,
        "html": false,
        "json": true
      },
      "version": "6.0.1"
    }
  }
}