{
  "stats": {
    "suites": 1,
    "tests": 8,
    "passes": 7,
    "pending": 0,
    "failures": 1,
    "start": "2022-02-08T13:25:28.079Z",
    "end": "2022-02-08T13:27:00.375Z",
    "duration": 92296,
    "testsRegistered": 8,
    "passPercent": 87.5,
    "pendingPercent": 0,
    "other": 0,
    "hasOther": false,
    "skipped": 0,
    "hasSkipped": false
  },
  "results": [
    {
      "uuid": "4874abdc-51a2-4316-8cd2-3bb662899a5f",
      "title": "",
      "fullFile": "cypress/integration/signupCustomer.spec.js",
      "file": "cypress/integration/signupCustomer.spec.js",
      "beforeHooks": [],
      "afterHooks": [],
      "tests": [],
      "suites": [
        {
          "uuid": "34a9bd95-95c4-4be8-9a0f-298bd93a4126",
          "title": "SignUp Page Customer",
          "fullFile": "",
          "file": "",
          "beforeHooks": [],
          "afterHooks": [],
          "tests": [
            {
              "title": "SignUp Customer",
              "fullTitle": "SignUp Page Customer SignUp Customer",
              "timedOut": null,
              "duration": 16215,
              "state": "passed",
              "speed": "slow",
              "pass": true,
              "fail": false,
              "pending": false,
              "context": null,
              "code": "var customer = _SignupFactory.default.customer();\n_SignupPage.default.fillFormCustomer(customer);\n_SignupPage.default.submit();\n_SignupPage.default.alertMessageShouldBe('Obrigado por registrar-se com Obramax.');\ncy.clearCookies();\ncy.clearLocalStorage();",
              "err": {},
              "uuid": "937ef555-f886-4733-b900-b9020c2d6efd",
              "parentUUID": "34a9bd95-95c4-4be8-9a0f-298bd93a4126",
              "isHook": false,
              "skipped": false
            },
            {
              "title": "Validate existing document",
              "fullTitle": "SignUp Page Customer Validate existing document",
              "timedOut": null,
              "duration": 10039,
              "state": "passed",
              "speed": "slow",
              "pass": true,
              "fail": false,
              "pending": false,
              "context": null,
              "code": "var customer = _SignupFactory.default.customer();\ncustomer.cpf = '67251817837';\n_SignupPage.default.fillFormCustomer(customer);\n_SignupPage.default.submit();\n_SignupPage.default.alertMessageShouldBe('Este CPF/CNPJ já foi usado em outro cadastro desta loja!');",
              "err": {},
              "uuid": "683905ad-13c0-4862-ad5f-2441478e92af",
              "parentUUID": "34a9bd95-95c4-4be8-9a0f-298bd93a4126",
              "isHook": false,
              "skipped": false
            },
            {
              "title": "Validate existing e-mail",
              "fullTitle": "SignUp Page Customer Validate existing e-mail",
              "timedOut": null,
              "duration": 9965,
              "state": "passed",
              "speed": "medium",
              "pass": true,
              "fail": false,
              "pending": false,
              "context": null,
              "code": "var customer = _SignupFactory.default.customer();\ncustomer.email = 'qa@creditoonline.com.br';\n_SignupPage.default.fillFormCustomer(customer);\n_SignupPage.default.submit();\n_SignupPage.default.alertMessageShouldBe('Já existe uma conta com este endereço de e-mail. Se você tem certeza que é o seu endereço de e-mail,  clique aqui para obter sua senha e acessar a sua conta.');",
              "err": {},
              "uuid": "f1bbb855-ae91-4126-849b-5508790e3eb0",
              "parentUUID": "34a9bd95-95c4-4be8-9a0f-298bd93a4126",
              "isHook": false,
              "skipped": false
            },
            {
              "title": "Incorrect document",
              "fullTitle": "SignUp Page Customer Incorrect document",
              "timedOut": null,
              "duration": 6601,
              "state": "passed",
              "speed": "medium",
              "pass": true,
              "fail": false,
              "pending": false,
              "context": null,
              "code": "var customer = _SignupFactory.default.customer();\ncustomer.cpf = 'AAAx481255@';\n_SignupPage.default.fillFormCustomer(customer);\n_SignupPage.default.submit();\n_SignupPage.default.alertInvalidRequiredField('O CPF/CNPJ informado não é um CPF/CNPJ válido.');",
              "err": {},
              "uuid": "1971799f-0cae-4f53-9f32-fc86e9a99d9a",
              "parentUUID": "34a9bd95-95c4-4be8-9a0f-298bd93a4126",
              "isHook": false,
              "skipped": false
            },
            {
              "title": "Incorrect email",
              "fullTitle": "SignUp Page Customer Incorrect email",
              "timedOut": null,
              "duration": 9010,
              "state": "passed",
              "speed": "medium",
              "pass": true,
              "fail": false,
              "pending": false,
              "context": null,
              "code": "var customer = _SignupFactory.default.customer();\ncustomer.email = 'obramax.com.br';\n_SignupPage.default.fillFormCustomer(customer);\n_SignupPage.default.submit();\n_SignupPage.default.alertInvalidRequiredField('Por favor, insira um email válido (Ex: joaoninguem@dominio.com.br).');",
              "err": {},
              "uuid": "7175e355-0fee-4290-8ef9-fe3412c665ce",
              "parentUUID": "34a9bd95-95c4-4be8-9a0f-298bd93a4126",
              "isHook": false,
              "skipped": false
            },
            {
              "title": "Require Fields",
              "fullTitle": "SignUp Page Customer Require Fields",
              "timedOut": null,
              "duration": 9445,
              "state": "passed",
              "speed": "medium",
              "pass": true,
              "fail": false,
              "pending": false,
              "context": null,
              "code": "var customer = _SignupFactory.default.customer();\ncustomer.email = '  ';\ncustomer.cpf = '   ';\ncustomer.password = 'xxx';\n_SignupPage.default.fillFormCustomer(customer);\n_SignupPage.default.submit();\n_SignupPage.default.submit();\n_SignupPage.default.alertInvalidRequiredField('Este campo é obrigatório.');\n_SignupPage.default.alertInvalidRequiredField('O CPF/CNPJ informado não é um CPF/CNPJ válido.');\n_SignupPage.default.alertInvalidRequiredField('Este campo deve conter 8 ou mais caracteres. Espaços serão ignorados.');",
              "err": {},
              "uuid": "72476bb3-2c60-46c8-84da-c99fe1a40d7f",
              "parentUUID": "34a9bd95-95c4-4be8-9a0f-298bd93a4126",
              "isHook": false,
              "skipped": false
            },
            {
              "title": "SignUp Customer Company",
              "fullTitle": "SignUp Page Customer SignUp Customer Company",
              "timedOut": null,
              "duration": 22254,
              "state": "passed",
              "speed": "slow",
              "pass": true,
              "fail": false,
              "pending": false,
              "context": null,
              "code": "var customer = _SignupFactory.default.customer();\n_SignupPage.default.fillFormCustomerCompany(customer);\n_SignupPage.default.submit();\n_SignupPage.default.alertMessageShouldBe('Obrigado por registrar-se com Obramax.');\ncy.clearCookies();\ncy.clearLocalStorage();",
              "err": {},
              "uuid": "c5008e50-d7b3-4571-ac32-296f4cca6d09",
              "parentUUID": "34a9bd95-95c4-4be8-9a0f-298bd93a4126",
              "isHook": false,
              "skipped": false
            },
            {
              "title": "Validate existing taxvat",
              "fullTitle": "SignUp Page Customer Validate existing taxvat",
              "timedOut": null,
              "duration": 8329,
              "state": "failed",
              "speed": null,
              "pass": false,
              "fail": true,
              "pending": false,
              "context": null,
              "code": "var customer = _SignupFactory.default.customer();\ncustomer.cnpj = '47253900000104';\n_SignupPage.default.fillFormCustomerCompany(customer);\n_SignupPage.default.submit();\n_SignupPage.default.alertMessageShouldBe('Este CPF/CNPJ já foi usado em outro cadastro desta loja!');",
              "err": {
                "message": "AssertionError: Timed out retrying after 6000ms: Expected to find element: `input#taxvat`, but never found it.",
                "estack": "AssertionError: Timed out retrying after 6000ms: Expected to find element: `input#taxvat`, but never found it.\n    at SignupPage.fillFormCustomerCompany (https://homolog.obramax.com.br/__cypress/tests?p=cypress/integration/signupCustomer.spec.js:305:8)\n    at Context.eval (https://homolog.obramax.com.br/__cypress/tests?p=cypress/integration/signupCustomer.spec.js:263:25)",
                "diff": null
              },
              "uuid": "05ef3a51-ef56-4203-8922-e21fb31fa064",
              "parentUUID": "34a9bd95-95c4-4be8-9a0f-298bd93a4126",
              "isHook": false,
              "skipped": false
            }
          ],
          "suites": [],
          "passes": [
            "937ef555-f886-4733-b900-b9020c2d6efd",
            "683905ad-13c0-4862-ad5f-2441478e92af",
            "f1bbb855-ae91-4126-849b-5508790e3eb0",
            "1971799f-0cae-4f53-9f32-fc86e9a99d9a",
            "7175e355-0fee-4290-8ef9-fe3412c665ce",
            "72476bb3-2c60-46c8-84da-c99fe1a40d7f",
            "c5008e50-d7b3-4571-ac32-296f4cca6d09"
          ],
          "failures": [
            "05ef3a51-ef56-4203-8922-e21fb31fa064"
          ],
          "pending": [],
          "skipped": [],
          "duration": 91858,
          "root": false,
          "rootEmpty": false,
          "_timeout": 2000
        }
      ],
      "passes": [],
      "failures": [],
      "pending": [],
      "skipped": [],
      "duration": 0,
      "root": true,
      "rootEmpty": true,
      "_timeout": 2000
    }
  ],
  "meta": {
    "mocha": {
      "version": "7.0.1"
    },
    "mochawesome": {
      "options": {
        "quiet": true,
        "reportFilename": "mochawesome",
        "saveHtml": false,
        "saveJson": true,
        "consoleReporter": "spec",
        "useInlineDiffs": false,
        "code": true
      },
      "version": "7.0.1"
    },
    "marge": {
      "options": {
        "id": "default",
        "reportDir": "mochawesome-report",
        "quiet": true,
        "overwrite": false,
        "html": false,
        "json": true
      },
      "version": "6.0.1"
    }
  }
}