{
  "stats": {
    "suites": 1,
    "tests": 5,
    "passes": 4,
    "pending": 0,
    "failures": 1,
    "start": "2022-02-15T16:17:54.691Z",
    "end": "2022-02-15T16:21:02.734Z",
    "duration": 188043,
    "testsRegistered": 5,
    "passPercent": 80,
    "pendingPercent": 0,
    "other": 0,
    "hasOther": false,
    "skipped": 0,
    "hasSkipped": false
  },
  "results": [
    {
      "uuid": "c3b3304f-b49f-4e81-81ff-d3a1b2702c7e",
      "title": "",
      "fullFile": "cypress/integration/cart.spec.js",
      "file": "cypress/integration/cart.spec.js",
      "beforeHooks": [],
      "afterHooks": [],
      "tests": [],
      "suites": [
        {
          "uuid": "c6c287d4-5886-4d07-b0ad-c05235049af7",
          "title": "Cart Page",
          "fullFile": "",
          "file": "",
          "beforeHooks": [],
          "afterHooks": [],
          "tests": [
            {
              "title": "Add unit of product items using the \"+\" button",
              "fullTitle": "Cart Page Add unit of product items using the \"+\" button",
              "timedOut": null,
              "duration": 38037,
              "state": "passed",
              "speed": "slow",
              "pass": true,
              "fail": false,
              "pending": false,
              "context": null,
              "code": "_CartPage.default.addCart();\n_CartPage.default.alertAddProductToCart('Você adicionou Produto TESTE ao carrinho de compras. Se deseja finalizar a compra ');\n_CartPage.default.goCart();\n_CartPage.default.validateQuantity(1);\n_CartPage.default.plusButton();\n_CartPage.default.plusButton();\n_CartPage.default.updateCart();\n_CartPage.default.validateQuantity(3);\n_CartPage.default.alertUpdateCart('Carrinho atualizado com sucesso!');\n_CartPage.default.unitPrice('R$60,00');\n_CartPage.default.subtotalPrice('R$180,00');\ncy.clearCookies();",
              "err": {},
              "uuid": "905e4c94-ea9a-499f-826f-3e34ada78f3b",
              "parentUUID": "c6c287d4-5886-4d07-b0ad-c05235049af7",
              "isHook": false,
              "skipped": false
            },
            {
              "title": "Remove unit of product items using the \"-\" button",
              "fullTitle": "Cart Page Remove unit of product items using the \"-\" button",
              "timedOut": null,
              "duration": 34136,
              "state": "failed",
              "speed": null,
              "pass": false,
              "fail": true,
              "pending": false,
              "context": null,
              "code": "cy.intercept('/checkout/cart/updatePost').as('updateCart');\n_CartPage.default.inputQtyPageProduct(3);\n_CartPage.default.addCart();\n_CartPage.default.alertAddProductToCart('Você adicionou Produto TESTE ao carrinho de compras. Se deseja finalizar a compra ');\n_CartPage.default.goCart();\n_CartPage.default.unitPrice('R$60,00');\n_CartPage.default.subtotalPrice('R$180,00');\n_CartPage.default.validateQuantity(3);\n_CartPage.default.minusButton();\n_CartPage.default.minusButton();\n_CartPage.default.updateCart();\ncy.wait('@updateCart');\n_CartPage.default.alertUpdateCart('Carrinho atualizado com sucesso!');\n_CartPage.default.validateQuantity(1);\n_CartPage.default.unitPrice('R$60,00');\n_CartPage.default.subtotalPrice('R$60,00');",
              "err": {
                "message": "AssertionError: Timed out retrying after 6000ms: Expected to find element: `.page-main  div div[role=\"alert\"] .message-success div`, but never found it.",
                "estack": "AssertionError: Timed out retrying after 6000ms: Expected to find element: `.page-main  div div[role=\"alert\"] .message-success div`, but never found it.\n    at CartPage.alertUpdateCart (https://homolog.obramax.com.br/__cypress/tests?p=cypress/integration/cart.spec.js:270:70)\n    at Context.eval (https://homolog.obramax.com.br/__cypress/tests?p=cypress/integration/cart.spec.js:183:23)",
                "diff": null
              },
              "uuid": "d5c1b2c9-7929-4d23-a351-21cf3fbaa30d",
              "parentUUID": "c6c287d4-5886-4d07-b0ad-c05235049af7",
              "isHook": false,
              "skipped": false
            },
            {
              "title": "Delete item from cart using trash button",
              "fullTitle": "Cart Page Delete item from cart using trash button",
              "timedOut": null,
              "duration": 38009,
              "state": "passed",
              "speed": "slow",
              "pass": true,
              "fail": false,
              "pending": false,
              "context": null,
              "code": "_CartPage.default.addCart();\n_CartPage.default.alertAddProductToCart('Você adicionou Produto TESTE ao carrinho de compras. Se deseja finalizar a compra ');\n_CartPage.default.goCart();\ncy.wait(3000);\n_CartPage.default.buttonTrash();\n_CartPage.default.validateEmptyCart();",
              "err": {},
              "uuid": "288a05cc-4bd5-40f5-808b-89e136271b0c",
              "parentUUID": "c6c287d4-5886-4d07-b0ad-c05235049af7",
              "isHook": false,
              "skipped": false
            },
            {
              "title": "Cart clean",
              "fullTitle": "Cart Page Cart clean",
              "timedOut": null,
              "duration": 46206,
              "state": "passed",
              "speed": "slow",
              "pass": true,
              "fail": false,
              "pending": false,
              "context": null,
              "code": "_CartPage.default.addCart();\n_CartPage.default.alertAddProductToCart('Você adicionou Produto TESTE ao carrinho de compras. Se deseja finalizar a compra ');\n_CartPage.default.goCart();\ncy.wait(3000);\n_CartPage.default.clearCart();\n_CartPage.default.validateEmptyCart();",
              "err": {},
              "uuid": "87ef5164-52cb-4baa-bf4a-8f715f7eeed2",
              "parentUUID": "c6c287d4-5886-4d07-b0ad-c05235049af7",
              "isHook": false,
              "skipped": false
            },
            {
              "title": "Validate option to add items to quote",
              "fullTitle": "Cart Page Validate option to add items to quote",
              "timedOut": null,
              "duration": 30721,
              "state": "passed",
              "speed": "slow",
              "pass": true,
              "fail": false,
              "pending": false,
              "context": null,
              "code": "_CartPage.default.addCart();\n_CartPage.default.alertAddProductToCart('Você adicionou Produto TESTE ao carrinho de compras. Se deseja finalizar a compra ');\n_CartPage.default.goCart();\ncy.wait(3000);\n_CartPage.default.validateButtonWishlist();",
              "err": {},
              "uuid": "1ee611b5-c9eb-4138-b9e8-f07bf223b093",
              "parentUUID": "c6c287d4-5886-4d07-b0ad-c05235049af7",
              "isHook": false,
              "skipped": false
            }
          ],
          "suites": [],
          "passes": [
            "905e4c94-ea9a-499f-826f-3e34ada78f3b",
            "288a05cc-4bd5-40f5-808b-89e136271b0c",
            "87ef5164-52cb-4baa-bf4a-8f715f7eeed2",
            "1ee611b5-c9eb-4138-b9e8-f07bf223b093"
          ],
          "failures": [
            "d5c1b2c9-7929-4d23-a351-21cf3fbaa30d"
          ],
          "pending": [],
          "skipped": [],
          "duration": 187109,
          "root": false,
          "rootEmpty": false,
          "_timeout": 2000
        }
      ],
      "passes": [],
      "failures": [],
      "pending": [],
      "skipped": [],
      "duration": 0,
      "root": true,
      "rootEmpty": true,
      "_timeout": 2000
    }
  ],
  "meta": {
    "mocha": {
      "version": "7.0.1"
    },
    "mochawesome": {
      "options": {
        "quiet": true,
        "reportFilename": "mochawesome",
        "saveHtml": false,
        "saveJson": true,
        "consoleReporter": "spec",
        "useInlineDiffs": false,
        "code": true
      },
      "version": "7.0.1"
    },
    "marge": {
      "options": {
        "id": "default",
        "reportDir": "mochawesome-report",
        "quiet": true,
        "overwrite": false,
        "html": false,
        "json": true
      },
      "version": "6.0.1"
    }
  }
}