{
  "stats": {
    "suites": 1,
    "tests": 3,
    "passes": 3,
    "pending": 0,
    "failures": 0,
    "start": "2021-12-09T12:56:29.668Z",
    "end": "2021-12-09T12:57:06.682Z",
    "duration": 37014,
    "testsRegistered": 3,
    "passPercent": 100,
    "pendingPercent": 0,
    "other": 0,
    "hasOther": false,
    "skipped": 0,
    "hasSkipped": false
  },
  "results": [
    {
      "uuid": "292c56ac-62c4-4eb5-b1de-8ef2d396db19",
      "title": "",
      "fullFile": "cypress/integration/registrationCustomer.spec.js",
      "file": "cypress/integration/registrationCustomer.spec.js",
      "beforeHooks": [],
      "afterHooks": [],
      "tests": [],
      "suites": [
        {
          "uuid": "9b683250-e64c-4813-b4fd-52bda3c7a606",
          "title": "Registration Customer",
          "fullFile": "",
          "file": "",
          "beforeHooks": [],
          "afterHooks": [],
          "tests": [
            {
              "title": "Create Customer",
              "fullTitle": "Registration Customer Create Customer",
              "timedOut": null,
              "duration": 15053,
              "state": "passed",
              "speed": "slow",
              "pass": true,
              "fail": false,
              "pending": false,
              "context": null,
              "code": "const customer = 'pf';\ncy.standardFormFields();\ncy.fillFormCustomer(customer);\ncy.submitForm();\ncy.successfulCreation();\ncy.clearCookies();",
              "err": {},
              "uuid": "64b500d7-0d93-4cc9-a998-e29420cc1aa3",
              "parentUUID": "9b683250-e64c-4813-b4fd-52bda3c7a606",
              "isHook": false,
              "skipped": false
            },
            {
              "title": "Validate existing taxvat",
              "fullTitle": "Registration Customer Validate existing taxvat",
              "timedOut": null,
              "duration": 9557,
              "state": "passed",
              "speed": "medium",
              "pass": true,
              "fail": false,
              "pending": false,
              "context": null,
              "code": "const taxvat = 'pf';\ncy.standardFormFields();\ncy.fillFormCustomer(taxvat);\ncy.validateExistTaxvat(taxvat);",
              "err": {},
              "uuid": "a71a3b0e-011f-4c26-9126-5788dfe14b40",
              "parentUUID": "9b683250-e64c-4813-b4fd-52bda3c7a606",
              "isHook": false,
              "skipped": false
            },
            {
              "title": "Validate existing e-mail",
              "fullTitle": "Registration Customer Validate existing e-mail",
              "timedOut": null,
              "duration": 12222,
              "state": "passed",
              "speed": "slow",
              "pass": true,
              "fail": false,
              "pending": false,
              "context": null,
              "code": "const customer = 'pf';\ncy.standardFormFields();\ncy.fillFormCustomer(customer);\ncy.validateExistEmail(customer);",
              "err": {},
              "uuid": "8cd42554-aabd-42f2-a973-589f9205e623",
              "parentUUID": "9b683250-e64c-4813-b4fd-52bda3c7a606",
              "isHook": false,
              "skipped": false
            }
          ],
          "suites": [],
          "passes": [
            "64b500d7-0d93-4cc9-a998-e29420cc1aa3",
            "a71a3b0e-011f-4c26-9126-5788dfe14b40",
            "8cd42554-aabd-42f2-a973-589f9205e623"
          ],
          "failures": [],
          "pending": [],
          "skipped": [],
          "duration": 36832,
          "root": false,
          "rootEmpty": false,
          "_timeout": 2000
        }
      ],
      "passes": [],
      "failures": [],
      "pending": [],
      "skipped": [],
      "duration": 0,
      "root": true,
      "rootEmpty": true,
      "_timeout": 2000
    }
  ],
  "meta": {
    "mocha": {
      "version": "7.0.1"
    },
    "mochawesome": {
      "options": {
        "quiet": true,
        "reportFilename": "mochawesome",
        "saveHtml": false,
        "saveJson": true,
        "consoleReporter": "spec",
        "useInlineDiffs": false,
        "code": true
      },
      "version": "7.0.1"
    },
    "marge": {
      "options": {
        "id": "default",
        "reportDir": "mochawesome-report",
        "quiet": true,
        "overwrite": false,
        "html": false,
        "json": true
      },
      "version": "6.0.1"
    }
  }
}