{
  "stats": {
    "suites": 1,
    "tests": 3,
    "passes": 3,
    "pending": 0,
    "failures": 0,
    "start": "2021-12-09T12:15:22.873Z",
    "end": "2021-12-09T12:15:55.021Z",
    "duration": 32148,
    "testsRegistered": 3,
    "passPercent": 100,
    "pendingPercent": 0,
    "other": 0,
    "hasOther": false,
    "skipped": 0,
    "hasSkipped": false
  },
  "results": [
    {
      "uuid": "3e860938-eaa9-4f90-9693-26404a8b9d91",
      "title": "",
      "fullFile": "cypress/integration/registrationCustomer.spec.js",
      "file": "cypress/integration/registrationCustomer.spec.js",
      "beforeHooks": [],
      "afterHooks": [],
      "tests": [],
      "suites": [
        {
          "uuid": "68ccba61-0d7f-4276-958a-1518b6b50328",
          "title": "Registration Customer",
          "fullFile": "",
          "file": "",
          "beforeHooks": [],
          "afterHooks": [],
          "tests": [
            {
              "title": "Create Customer",
              "fullTitle": "Registration Customer Create Customer",
              "timedOut": null,
              "duration": 12267,
              "state": "passed",
              "speed": "slow",
              "pass": true,
              "fail": false,
              "pending": false,
              "context": null,
              "code": "const customer = 'pf';\ncy.standardFormFields();\ncy.fillFormCustomer(customer);\ncy.submitForm();\ncy.successfulCreation();\ncy.clearCookies();",
              "err": {},
              "uuid": "d9318c5c-d74a-4ed8-9cdf-bf73df37138d",
              "parentUUID": "68ccba61-0d7f-4276-958a-1518b6b50328",
              "isHook": false,
              "skipped": false
            },
            {
              "title": "Validate existing taxvat",
              "fullTitle": "Registration Customer Validate existing taxvat",
              "timedOut": null,
              "duration": 8815,
              "state": "passed",
              "speed": "medium",
              "pass": true,
              "fail": false,
              "pending": false,
              "context": null,
              "code": "const taxvat = 'pf';\ncy.standardFormFields();\ncy.fillFormCustomer(taxvat);\ncy.validateExistTaxvat(taxvat);",
              "err": {},
              "uuid": "f4310736-23fa-4a9a-93f3-0428a0059295",
              "parentUUID": "68ccba61-0d7f-4276-958a-1518b6b50328",
              "isHook": false,
              "skipped": false
            },
            {
              "title": "Validate existing e-mail",
              "fullTitle": "Registration Customer Validate existing e-mail",
              "timedOut": null,
              "duration": 10915,
              "state": "passed",
              "speed": "slow",
              "pass": true,
              "fail": false,
              "pending": false,
              "context": null,
              "code": "const customer = 'pf';\ncy.standardFormFields();\ncy.fillFormCustomer(customer);\ncy.validateExistEmail(customer);",
              "err": {},
              "uuid": "d654e99f-9fa2-45f4-9691-e63ebf898f43",
              "parentUUID": "68ccba61-0d7f-4276-958a-1518b6b50328",
              "isHook": false,
              "skipped": false
            }
          ],
          "suites": [],
          "passes": [
            "d9318c5c-d74a-4ed8-9cdf-bf73df37138d",
            "f4310736-23fa-4a9a-93f3-0428a0059295",
            "d654e99f-9fa2-45f4-9691-e63ebf898f43"
          ],
          "failures": [],
          "pending": [],
          "skipped": [],
          "duration": 31997,
          "root": false,
          "rootEmpty": false,
          "_timeout": 2000
        }
      ],
      "passes": [],
      "failures": [],
      "pending": [],
      "skipped": [],
      "duration": 0,
      "root": true,
      "rootEmpty": true,
      "_timeout": 2000
    }
  ],
  "meta": {
    "mocha": {
      "version": "7.0.1"
    },
    "mochawesome": {
      "options": {
        "quiet": true,
        "reportFilename": "mochawesome",
        "saveHtml": false,
        "saveJson": true,
        "consoleReporter": "spec",
        "useInlineDiffs": false,
        "code": true
      },
      "version": "7.0.1"
    },
    "marge": {
      "options": {
        "id": "default",
        "reportDir": "mochawesome-report",
        "quiet": true,
        "overwrite": false,
        "html": false,
        "json": true
      },
      "version": "6.0.1"
    }
  }
}