{
  "stats": {
    "suites": 1,
    "tests": 1,
    "passes": 1,
    "pending": 0,
    "failures": 0,
    "start": "2022-01-13T15:56:52.221Z",
    "end": "2022-01-13T15:57:10.882Z",
    "duration": 18661,
    "testsRegistered": 1,
    "passPercent": 100,
    "pendingPercent": 0,
    "other": 0,
    "hasOther": false,
    "skipped": 0,
    "hasSkipped": false
  },
  "results": [
    {
      "uuid": "3b7c928a-d4ac-481b-b94f-4bb2b6a15686",
      "title": "",
      "fullFile": "cypress/integration/registrationCustomer.spec.js",
      "file": "cypress/integration/registrationCustomer.spec.js",
      "beforeHooks": [],
      "afterHooks": [],
      "tests": [],
      "suites": [
        {
          "uuid": "1f26e7ab-28da-4d1b-b29d-08f83e637c77",
          "title": "Registration Customer",
          "fullFile": "",
          "file": "",
          "beforeHooks": [],
          "afterHooks": [],
          "tests": [
            {
              "title": "Validate existing e-mail",
              "fullTitle": "Registration Customer Validate existing e-mail",
              "timedOut": null,
              "duration": 18455,
              "state": "passed",
              "speed": "slow",
              "pass": true,
              "fail": false,
              "pending": false,
              "context": null,
              "code": "_index.default.submitExistingEmail();\n_index.default.validateExistingEmail();",
              "err": {},
              "uuid": "a7de6f9e-5bc1-47bd-8063-43f3120cd6b5",
              "parentUUID": "1f26e7ab-28da-4d1b-b29d-08f83e637c77",
              "isHook": false,
              "skipped": false
            }
          ],
          "suites": [],
          "passes": [
            "a7de6f9e-5bc1-47bd-8063-43f3120cd6b5"
          ],
          "failures": [],
          "pending": [],
          "skipped": [],
          "duration": 18455,
          "root": false,
          "rootEmpty": false,
          "_timeout": 2000
        }
      ],
      "passes": [],
      "failures": [],
      "pending": [],
      "skipped": [],
      "duration": 0,
      "root": true,
      "rootEmpty": true,
      "_timeout": 2000
    }
  ],
  "meta": {
    "mocha": {
      "version": "7.0.1"
    },
    "mochawesome": {
      "options": {
        "quiet": true,
        "reportFilename": "mochawesome",
        "saveHtml": false,
        "saveJson": true,
        "consoleReporter": "spec",
        "useInlineDiffs": false,
        "code": true
      },
      "version": "7.0.1"
    },
    "marge": {
      "options": {
        "id": "default",
        "reportDir": "mochawesome-report",
        "quiet": true,
        "overwrite": false,
        "html": false,
        "json": true
      },
      "version": "6.0.1"
    }
  }
}