{
  "stats": {
    "suites": 1,
    "tests": 1,
    "passes": 0,
    "pending": 0,
    "failures": 1,
    "start": "2022-01-13T15:56:33.140Z",
    "end": "2022-01-13T15:56:41.691Z",
    "duration": 8551,
    "testsRegistered": 1,
    "passPercent": 0,
    "pendingPercent": 0,
    "other": 0,
    "hasOther": false,
    "skipped": 0,
    "hasSkipped": false
  },
  "results": [
    {
      "uuid": "6bb3d512-902e-4f98-aa6e-d31b1a76da37",
      "title": "",
      "fullFile": "cypress/integration/login.spec.js",
      "file": "cypress/integration/login.spec.js",
      "beforeHooks": [],
      "afterHooks": [],
      "tests": [],
      "suites": [
        {
          "uuid": "450b88f1-d9db-4be3-bb04-bb456ac8c4be",
          "title": "Login",
          "fullFile": "",
          "file": "",
          "beforeHooks": [],
          "afterHooks": [],
          "tests": [
            {
              "title": "Login with email successfully",
              "fullTitle": "Login Login with email successfully",
              "timedOut": null,
              "duration": 8213,
              "state": "failed",
              "speed": null,
              "pass": false,
              "fail": true,
              "pending": false,
              "context": null,
              "code": "_index.default.authenticationWithEmail();\n_index.default.validUserLogged();\ncy.clearLocalStorage();",
              "err": {
                "message": "CypressError: `cy.type()` can only be called on a single element. Your subject contained 2 elements.\n\nhttps://on.cypress.io/type",
                "estack": "CypressError: `cy.type()` can only be called on a single element. Your subject contained 2 elements.\n\nhttps://on.cypress.io/type\n    at Context.type (https://homolog.obramax.com.br/__cypress/runner/cypress_runner.js:153628:76)\n    at Context.<anonymous> (https://homolog.obramax.com.br/__cypress/runner/cypress_runner.js:172094:23)\nFrom Your Spec Code:\n    at Login.authenticationWithEmail (https://homolog.obramax.com.br/__cypress/tests?p=cypress/integration/login.spec.js:200:38)\n    at Context.eval (https://homolog.obramax.com.br/__cypress/tests?p=cypress/integration/login.spec.js:129:20)",
                "diff": null
              },
              "uuid": "4f1ecaa8-4bd5-4b35-ae80-f58baa31c656",
              "parentUUID": "450b88f1-d9db-4be3-bb04-bb456ac8c4be",
              "isHook": false,
              "skipped": false
            }
          ],
          "suites": [],
          "passes": [],
          "failures": [
            "4f1ecaa8-4bd5-4b35-ae80-f58baa31c656"
          ],
          "pending": [],
          "skipped": [],
          "duration": 8213,
          "root": false,
          "rootEmpty": false,
          "_timeout": 2000
        }
      ],
      "passes": [],
      "failures": [],
      "pending": [],
      "skipped": [],
      "duration": 0,
      "root": true,
      "rootEmpty": true,
      "_timeout": 2000
    }
  ],
  "meta": {
    "mocha": {
      "version": "7.0.1"
    },
    "mochawesome": {
      "options": {
        "quiet": true,
        "reportFilename": "mochawesome",
        "saveHtml": false,
        "saveJson": true,
        "consoleReporter": "spec",
        "useInlineDiffs": false,
        "code": true
      },
      "version": "7.0.1"
    },
    "marge": {
      "options": {
        "id": "default",
        "reportDir": "mochawesome-report",
        "quiet": true,
        "overwrite": false,
        "html": false,
        "json": true
      },
      "version": "6.0.1"
    }
  }
}