{
  "stats": {
    "suites": 1,
    "tests": 6,
    "passes": 4,
    "pending": 0,
    "failures": 2,
    "start": "2022-02-21T19:32:32.708Z",
    "end": "2022-02-21T19:33:26.579Z",
    "duration": 53871,
    "testsRegistered": 6,
    "passPercent": 66.66666666666666,
    "pendingPercent": 0,
    "other": 0,
    "hasOther": false,
    "skipped": 0,
    "hasSkipped": false
  },
  "results": [
    {
      "uuid": "3d2d896a-66fe-4289-9af3-c1582a904df6",
      "title": "",
      "fullFile": "cypress/integration/ec/signinCustomer.spec.js",
      "file": "cypress/integration/ec/signinCustomer.spec.js",
      "beforeHooks": [],
      "afterHooks": [],
      "tests": [],
      "suites": [
        {
          "uuid": "c2ab63ca-9497-438d-99d1-64789b131b82",
          "title": "EC - SignIn Page Customer",
          "fullFile": "",
          "file": "",
          "beforeHooks": [],
          "afterHooks": [],
          "tests": [
            {
              "title": "Login with email",
              "fullTitle": "EC - SignIn Page Customer Login with email",
              "timedOut": null,
              "duration": 9138,
              "state": "failed",
              "speed": null,
              "pass": false,
              "fail": true,
              "pending": false,
              "context": null,
              "code": "var customer = _SigninFactory.default.customer();\n_SigninPage.default.waitRequest();\n_SigninPage.default.authentication(customer);\n_SigninPage.default.submit();\n_SigninPage.default.waitRequest();\n_SigninPage.default.loginSuccessfully();\n_SigninPage.default.usernameLoggedShouldBeVisible('Olá, Usuário!');",
              "err": {
                "message": "CypressError: Timed out retrying after 6000ms: `cy.wait()` timed out waiting `6000ms` for the 1st request to the route: `login`. No request ever occurred.\n\nhttps://on.cypress.io/wait",
                "estack": "CypressError: Timed out retrying after 6000ms: `cy.wait()` timed out waiting `6000ms` for the 1st request to the route: `login`. No request ever occurred.\n\nhttps://on.cypress.io/wait\n    at cypressErr (https://homolog.obramax.com.br/__cypress/runner/cypress_runner.js:175967:18)\n    at Object.errByPath (https://homolog.obramax.com.br/__cypress/runner/cypress_runner.js:176036:10)\n    at checkForXhr (https://homolog.obramax.com.br/__cypress/runner/cypress_runner.js:162212:92)\n    at https://homolog.obramax.com.br/__cypress/runner/cypress_runner.js:162235:28\n    at tryCatcher (https://homolog.obramax.com.br/__cypress/runner/cypress_runner.js:13196:23)\n    at Function.Promise.attempt.Promise.try (https://homolog.obramax.com.br/__cypress/runner/cypress_runner.js:10470:29)\n    at whenStable (https://homolog.obramax.com.br/__cypress/runner/cypress_runner.js:168438:63)\n    at https://homolog.obramax.com.br/__cypress/runner/cypress_runner.js:167935:14\n    at tryCatcher (https://homolog.obramax.com.br/__cypress/runner/cypress_runner.js:13196:23)\n    at Promise._settlePromiseFromHandler (https://homolog.obramax.com.br/__cypress/runner/cypress_runner.js:11131:31)\n    at Promise._settlePromise (https://homolog.obramax.com.br/__cypress/runner/cypress_runner.js:11188:18)\n    at Promise._settlePromise0 (https://homolog.obramax.com.br/__cypress/runner/cypress_runner.js:11233:10)\n    at Promise._settlePromises (https://homolog.obramax.com.br/__cypress/runner/cypress_runner.js:11313:18)\n    at Promise._fulfill (https://homolog.obramax.com.br/__cypress/runner/cypress_runner.js:11257:18)\n    at https://homolog.obramax.com.br/__cypress/runner/cypress_runner.js:12871:46\nFrom Your Spec Code:\n    at SigninPage.waitRequest (https://homolog.obramax.com.br/__cypress/tests?p=cypress/integration/ec/signinCustomer.spec.js:275:8)\n    at Context.eval (https://homolog.obramax.com.br/__cypress/tests?p=cypress/integration/ec/signinCustomer.spec.js:159:25)",
                "diff": null
              },
              "uuid": "8b0d9e15-2e5b-4433-87c2-9824b62aabb4",
              "parentUUID": "c2ab63ca-9497-438d-99d1-64789b131b82",
              "isHook": false,
              "skipped": false
            },
            {
              "title": "Login with CPF",
              "fullTitle": "EC - SignIn Page Customer Login with CPF",
              "timedOut": null,
              "duration": 8838,
              "state": "passed",
              "speed": "medium",
              "pass": true,
              "fail": false,
              "pending": false,
              "context": null,
              "code": "var customer = _SigninFactory.default.customer();\ncustomer.username = '67251817837';\n_SigninPage.default.waitRequest();\n_SigninPage.default.authentication(customer);\n_SigninPage.default.submit();\n_SigninPage.default.waitRequest();\n_SigninPage.default.loginSuccessfully();\n_SigninPage.default.usernameLoggedShouldBeVisible('Olá, Usuário!');",
              "err": {},
              "uuid": "39829476-c402-4063-a605-a3b9b2c97938",
              "parentUUID": "c2ab63ca-9497-438d-99d1-64789b131b82",
              "isHook": false,
              "skipped": false
            },
            {
              "title": "Login with CNPJ",
              "fullTitle": "EC - SignIn Page Customer Login with CNPJ",
              "timedOut": null,
              "duration": 9227,
              "state": "passed",
              "speed": "medium",
              "pass": true,
              "fail": false,
              "pending": false,
              "context": null,
              "code": "var customer = _SigninFactory.default.customer();\ncustomer.username = '47253900000104';\n_SigninPage.default.waitRequest();\n_SigninPage.default.authentication(customer);\n_SigninPage.default.submit();\n_SigninPage.default.waitRequest();\n_SigninPage.default.loginSuccessfully();\n_SigninPage.default.usernameLoggedShouldBeVisible('Olá, Usuário!');",
              "err": {},
              "uuid": "98ca17a6-2417-44e9-9d50-b856f07d460f",
              "parentUUID": "c2ab63ca-9497-438d-99d1-64789b131b82",
              "isHook": false,
              "skipped": false
            },
            {
              "title": "Login with incorrect email",
              "fullTitle": "EC - SignIn Page Customer Login with incorrect email",
              "timedOut": null,
              "duration": 9292,
              "state": "passed",
              "speed": "medium",
              "pass": true,
              "fail": false,
              "pending": false,
              "context": null,
              "code": "var customer = _SigninFactory.default.customer();\ncustomer.username = 'obramax@teste.com';\n_SigninPage.default.waitRequest();\n_SigninPage.default.authentication(customer);\n_SigninPage.default.submit();\n_SigninPage.default.alertMessageShouldBe('O login da conta esta incorreto ou sua conta foi desativada temporariamente. Aguarde e tente novamente mais tarde.');",
              "err": {},
              "uuid": "b9cb198f-e562-43f3-b107-f1ff0ee40606",
              "parentUUID": "c2ab63ca-9497-438d-99d1-64789b131b82",
              "isHook": false,
              "skipped": false
            },
            {
              "title": "Login with incorrect password",
              "fullTitle": "EC - SignIn Page Customer Login with incorrect password",
              "timedOut": null,
              "duration": 9174,
              "state": "failed",
              "speed": null,
              "pass": false,
              "fail": true,
              "pending": false,
              "context": null,
              "code": "var customer = _SigninFactory.default.customer();\ncustomer.password = 'xxxxxxxxxx222';\n_SigninPage.default.waitRequest();\n_SigninPage.default.authentication(customer);\n_SigninPage.default.submit();\n_SigninPage.default.waitRequest();\n_SigninPage.default.alertMessageShouldBe('O login da conta esta incorreto ou sua conta foi desativada temporariamente. Aguarde e tente novamente mais tarde.');",
              "err": {
                "message": "CypressError: Timed out retrying after 6000ms: `cy.wait()` timed out waiting `6000ms` for the 1st request to the route: `login`. No request ever occurred.\n\nhttps://on.cypress.io/wait",
                "estack": "CypressError: Timed out retrying after 6000ms: `cy.wait()` timed out waiting `6000ms` for the 1st request to the route: `login`. No request ever occurred.\n\nhttps://on.cypress.io/wait\n    at cypressErr (https://homolog.obramax.com.br/__cypress/runner/cypress_runner.js:175967:18)\n    at Object.errByPath (https://homolog.obramax.com.br/__cypress/runner/cypress_runner.js:176036:10)\n    at checkForXhr (https://homolog.obramax.com.br/__cypress/runner/cypress_runner.js:162212:92)\n    at https://homolog.obramax.com.br/__cypress/runner/cypress_runner.js:162235:28\n    at tryCatcher (https://homolog.obramax.com.br/__cypress/runner/cypress_runner.js:13196:23)\n    at Function.Promise.attempt.Promise.try (https://homolog.obramax.com.br/__cypress/runner/cypress_runner.js:10470:29)\n    at whenStable (https://homolog.obramax.com.br/__cypress/runner/cypress_runner.js:168438:63)\n    at https://homolog.obramax.com.br/__cypress/runner/cypress_runner.js:167935:14\n    at tryCatcher (https://homolog.obramax.com.br/__cypress/runner/cypress_runner.js:13196:23)\n    at Promise._settlePromiseFromHandler (https://homolog.obramax.com.br/__cypress/runner/cypress_runner.js:11131:31)\n    at Promise._settlePromise (https://homolog.obramax.com.br/__cypress/runner/cypress_runner.js:11188:18)\n    at Promise._settlePromise0 (https://homolog.obramax.com.br/__cypress/runner/cypress_runner.js:11233:10)\n    at Promise._settlePromises (https://homolog.obramax.com.br/__cypress/runner/cypress_runner.js:11313:18)\n    at Promise._fulfill (https://homolog.obramax.com.br/__cypress/runner/cypress_runner.js:11257:18)\n    at https://homolog.obramax.com.br/__cypress/runner/cypress_runner.js:12871:46\nFrom Your Spec Code:\n    at SigninPage.waitRequest (https://homolog.obramax.com.br/__cypress/tests?p=cypress/integration/ec/signinCustomer.spec.js:275:8)\n    at Context.eval (https://homolog.obramax.com.br/__cypress/tests?p=cypress/integration/ec/signinCustomer.spec.js:223:25)",
                "diff": null
              },
              "uuid": "c485843a-549d-42b5-a098-d00ee68c6b4a",
              "parentUUID": "c2ab63ca-9497-438d-99d1-64789b131b82",
              "isHook": false,
              "skipped": false
            },
            {
              "title": "Login with required fields empty",
              "fullTitle": "EC - SignIn Page Customer Login with required fields empty",
              "timedOut": null,
              "duration": 7645,
              "state": "passed",
              "speed": "medium",
              "pass": true,
              "fail": false,
              "pending": false,
              "context": null,
              "code": "var customer = _SigninFactory.default.customer();\ncustomer.password = ' ';\ncustomer.username = ' ';\n_SigninPage.default.waitRequest();\n_SigninPage.default.authentication(customer);\n_SigninPage.default.submit();\n_SigninPage.default.requiredFieldShouldBe('Este campo é obrigatório.');",
              "err": {},
              "uuid": "5b0eb944-d409-4505-be9b-e2285d785bee",
              "parentUUID": "c2ab63ca-9497-438d-99d1-64789b131b82",
              "isHook": false,
              "skipped": false
            }
          ],
          "suites": [],
          "passes": [
            "39829476-c402-4063-a605-a3b9b2c97938",
            "98ca17a6-2417-44e9-9d50-b856f07d460f",
            "b9cb198f-e562-43f3-b107-f1ff0ee40606",
            "5b0eb944-d409-4505-be9b-e2285d785bee"
          ],
          "failures": [
            "8b0d9e15-2e5b-4433-87c2-9824b62aabb4",
            "c485843a-549d-42b5-a098-d00ee68c6b4a"
          ],
          "pending": [],
          "skipped": [],
          "duration": 53314,
          "root": false,
          "rootEmpty": false,
          "_timeout": 2000
        }
      ],
      "passes": [],
      "failures": [],
      "pending": [],
      "skipped": [],
      "duration": 0,
      "root": true,
      "rootEmpty": true,
      "_timeout": 2000
    }
  ],
  "meta": {
    "mocha": {
      "version": "7.0.1"
    },
    "mochawesome": {
      "options": {
        "quiet": true,
        "reportFilename": "mochawesome",
        "saveHtml": false,
        "saveJson": true,
        "consoleReporter": "spec",
        "useInlineDiffs": false,
        "code": true
      },
      "version": "7.0.1"
    },
    "marge": {
      "options": {
        "id": "default",
        "reportDir": "mochawesome-report",
        "quiet": true,
        "overwrite": false,
        "html": false,
        "json": true
      },
      "version": "6.0.1"
    }
  }
}