{
  "stats": {
    "suites": 1,
    "tests": 6,
    "passes": 6,
    "pending": 0,
    "failures": 0,
    "start": "2022-02-08T13:24:13.184Z",
    "end": "2022-02-08T13:25:11.704Z",
    "duration": 58520,
    "testsRegistered": 6,
    "passPercent": 100,
    "pendingPercent": 0,
    "other": 0,
    "hasOther": false,
    "skipped": 0,
    "hasSkipped": false
  },
  "results": [
    {
      "uuid": "dd2b614a-8e4c-44b2-bd42-24ec4871ba9d",
      "title": "",
      "fullFile": "cypress/integration/signinCustomer.spec.js",
      "file": "cypress/integration/signinCustomer.spec.js",
      "beforeHooks": [],
      "afterHooks": [],
      "tests": [],
      "suites": [
        {
          "uuid": "9289e0d1-94a7-43ef-80e4-610b0cf0d381",
          "title": "SignIn Page Customer",
          "fullFile": "",
          "file": "",
          "beforeHooks": [],
          "afterHooks": [],
          "tests": [
            {
              "title": "Login with email",
              "fullTitle": "SignIn Page Customer Login with email",
              "timedOut": null,
              "duration": 13612,
              "state": "passed",
              "speed": "slow",
              "pass": true,
              "fail": false,
              "pending": false,
              "context": null,
              "code": "var customer = _SigninFactory.default.customer();\n_SigninPage.default.waitRequest();\n_SigninPage.default.authentication(customer);\n_SigninPage.default.submit();\n_SigninPage.default.waitRequest();\n_SigninPage.default.loginSuccessfully();",
              "err": {},
              "uuid": "f52e74e8-d371-41b6-8e14-161ad5cac80f",
              "parentUUID": "9289e0d1-94a7-43ef-80e4-610b0cf0d381",
              "isHook": false,
              "skipped": false
            },
            {
              "title": "Login with CPF",
              "fullTitle": "SignIn Page Customer Login with CPF",
              "timedOut": null,
              "duration": 9724,
              "state": "passed",
              "speed": "medium",
              "pass": true,
              "fail": false,
              "pending": false,
              "context": null,
              "code": "var customer = _SigninFactory.default.customer();\ncustomer.username = '67251817837';\n_SigninPage.default.waitRequest();\n_SigninPage.default.authentication(customer);\n_SigninPage.default.submit();\n_SigninPage.default.waitRequest();\n_SigninPage.default.loginSuccessfully();",
              "err": {},
              "uuid": "7504a978-8ee0-4607-9d4b-863bad80ba95",
              "parentUUID": "9289e0d1-94a7-43ef-80e4-610b0cf0d381",
              "isHook": false,
              "skipped": false
            },
            {
              "title": "Login with CNPJ",
              "fullTitle": "SignIn Page Customer Login with CNPJ",
              "timedOut": null,
              "duration": 8278,
              "state": "passed",
              "speed": "medium",
              "pass": true,
              "fail": false,
              "pending": false,
              "context": null,
              "code": "var customer = _SigninFactory.default.customer();\ncustomer.username = '47253900000104';\n_SigninPage.default.waitRequest();\n_SigninPage.default.authentication(customer);\n_SigninPage.default.submit();\n_SigninPage.default.waitRequest();\n_SigninPage.default.loginSuccessfully();",
              "err": {},
              "uuid": "2d67fc99-10f4-407d-bb2d-f15621f4cc2f",
              "parentUUID": "9289e0d1-94a7-43ef-80e4-610b0cf0d381",
              "isHook": false,
              "skipped": false
            },
            {
              "title": "Login with incorrect email",
              "fullTitle": "SignIn Page Customer Login with incorrect email",
              "timedOut": null,
              "duration": 10441,
              "state": "passed",
              "speed": "slow",
              "pass": true,
              "fail": false,
              "pending": false,
              "context": null,
              "code": "var customer = _SigninFactory.default.customer();\ncustomer.username = 'obramax@teste.com';\n_SigninPage.default.waitRequest();\n_SigninPage.default.authentication(customer);\n_SigninPage.default.submit();\n_SigninPage.default.alertMessageShouldBe('O login da conta esta incorreto ou sua conta foi desativada temporariamente. Aguarde e tente novamente mais tarde.');",
              "err": {},
              "uuid": "f3befa66-a8d0-461f-ae43-e374e75b683f",
              "parentUUID": "9289e0d1-94a7-43ef-80e4-610b0cf0d381",
              "isHook": false,
              "skipped": false
            },
            {
              "title": "Login with incorrect password",
              "fullTitle": "SignIn Page Customer Login with incorrect password",
              "timedOut": null,
              "duration": 10438,
              "state": "passed",
              "speed": "slow",
              "pass": true,
              "fail": false,
              "pending": false,
              "context": null,
              "code": "var customer = _SigninFactory.default.customer();\ncustomer.password = 'xxxxxxxxxx222';\n_SigninPage.default.waitRequest();\n_SigninPage.default.authentication(customer);\n_SigninPage.default.submit();\n_SigninPage.default.waitRequest();\n_SigninPage.default.alertMessageShouldBe('O login da conta esta incorreto ou sua conta foi desativada temporariamente. Aguarde e tente novamente mais tarde.');",
              "err": {},
              "uuid": "31ed9677-3ea8-49a5-ac45-e5492fa78056",
              "parentUUID": "9289e0d1-94a7-43ef-80e4-610b0cf0d381",
              "isHook": false,
              "skipped": false
            },
            {
              "title": "Login with required fields empty",
              "fullTitle": "SignIn Page Customer Login with required fields empty",
              "timedOut": null,
              "duration": 5721,
              "state": "passed",
              "speed": "medium",
              "pass": true,
              "fail": false,
              "pending": false,
              "context": null,
              "code": "var customer = _SigninFactory.default.customer();\ncustomer.password = ' ';\ncustomer.username = ' ';\n_SigninPage.default.waitRequest();\n_SigninPage.default.authentication(customer);\n_SigninPage.default.submit();\n_SigninPage.default.requiredFieldShouldBe('Este campo é obrigatório.');",
              "err": {},
              "uuid": "79536a06-a57c-49d8-a6d1-39110da96a9d",
              "parentUUID": "9289e0d1-94a7-43ef-80e4-610b0cf0d381",
              "isHook": false,
              "skipped": false
            }
          ],
          "suites": [],
          "passes": [
            "f52e74e8-d371-41b6-8e14-161ad5cac80f",
            "7504a978-8ee0-4607-9d4b-863bad80ba95",
            "2d67fc99-10f4-407d-bb2d-f15621f4cc2f",
            "f3befa66-a8d0-461f-ae43-e374e75b683f",
            "31ed9677-3ea8-49a5-ac45-e5492fa78056",
            "79536a06-a57c-49d8-a6d1-39110da96a9d"
          ],
          "failures": [],
          "pending": [],
          "skipped": [],
          "duration": 58214,
          "root": false,
          "rootEmpty": false,
          "_timeout": 2000
        }
      ],
      "passes": [],
      "failures": [],
      "pending": [],
      "skipped": [],
      "duration": 0,
      "root": true,
      "rootEmpty": true,
      "_timeout": 2000
    }
  ],
  "meta": {
    "mocha": {
      "version": "7.0.1"
    },
    "mochawesome": {
      "options": {
        "quiet": true,
        "reportFilename": "mochawesome",
        "saveHtml": false,
        "saveJson": true,
        "consoleReporter": "spec",
        "useInlineDiffs": false,
        "code": true
      },
      "version": "7.0.1"
    },
    "marge": {
      "options": {
        "id": "default",
        "reportDir": "mochawesome-report",
        "quiet": true,
        "overwrite": false,
        "html": false,
        "json": true
      },
      "version": "6.0.1"
    }
  }
}