{
  "stats": {
    "suites": 1,
    "tests": 3,
    "passes": 3,
    "pending": 0,
    "failures": 0,
    "start": "2022-02-08T13:22:06.788Z",
    "end": "2022-02-08T13:23:55.391Z",
    "duration": 108603,
    "testsRegistered": 3,
    "passPercent": 100,
    "pendingPercent": 0,
    "other": 0,
    "hasOther": false,
    "skipped": 0,
    "hasSkipped": false
  },
  "results": [
    {
      "uuid": "fca088be-ef32-4fa2-a8ea-78585d9e1710",
      "title": "",
      "fullFile": "cypress/integration/cart.spec.js",
      "file": "cypress/integration/cart.spec.js",
      "beforeHooks": [],
      "afterHooks": [],
      "tests": [],
      "suites": [
        {
          "uuid": "b7947ae7-097a-4cb7-82ba-003904b9c820",
          "title": "Cart Page",
          "fullFile": "",
          "file": "",
          "beforeHooks": [],
          "afterHooks": [],
          "tests": [
            {
              "title": "Add unit of product items using the \"+\" button",
              "fullTitle": "Cart Page Add unit of product items using the \"+\" button",
              "timedOut": null,
              "duration": 29173,
              "state": "passed",
              "speed": "slow",
              "pass": true,
              "fail": false,
              "pending": false,
              "context": null,
              "code": "cy.visit('/');\ncy.get('form#search_mini_form div span input#search').type('10101010');\ncy.get('button#algolia-glass').click();\ncy.get('.result-content a.result .product_brand').click();\ncy.get('.product-info-main .page-title-wrapper h1.page-title span').should('have.text', 'Produto TESTE'); // cy.intercept('/customer/section/load?sections=customer').as('addCart')\n// cy.wait('@addCart')\ncy.wait(3000);\ncy.get('button[title=\"Adicionar ao Carrinho\"]').click(); // cy.intercept('POST', '**/product/**').as('addCart')\n// cy.wait('@addCart')\ncy.get('.page div div').should('contain', 'Você adicionou Produto TESTE ao carrinho de compras. Se deseja finalizar a compra ');\ncy.get('.page div div').should('be.visible');\ncy.get('.header-webjump div[data-block=\"minicart\"]').click();\ncy.get('button[class=\"action primary checkout\"]').click();\ncy.get('.page-main .page-title-wrapper h1 span.base').should('have.text', 'Carrinho de Compras');\ncy.get('.align-center input').should('have.value', 1);\ncy.get('.align-center button[class^=\"plusQty\"]').click();\ncy.get('.align-center button[class^=\"plusQty\"]').click();\ncy.get('.cart button[value=\"update_qty\"]').click();\ncy.get('.align-center input').should('have.value', 3);\ncy.get('.page-main  div div[role=\"alert\"] .message-success div').should('have.text', 'Carrinho atualizado com sucesso!');\ncy.get('#item-original-price span').should('have.text', 'R$60,00');\ncy.get('td[data-th=\"Subtotal\"] .price-excluding-tax .price').should('have.text', 'R$180,00'); //.align-center button[class^=\"minusQty\"]\n//cy.get('input[name=\"address\"]').should('have.value', deliver.address.street)",
              "err": {},
              "uuid": "2acdf79f-4d4b-4c48-ad48-e2523f93029c",
              "parentUUID": "b7947ae7-097a-4cb7-82ba-003904b9c820",
              "isHook": false,
              "skipped": false
            },
            {
              "title": "Remove unit of product items using the \"-\" button",
              "fullTitle": "Cart Page Remove unit of product items using the \"-\" button",
              "timedOut": null,
              "duration": 27057,
              "state": "passed",
              "speed": "slow",
              "pass": true,
              "fail": false,
              "pending": false,
              "context": null,
              "code": "cy.visit('/');\ncy.get('form#search_mini_form div span input#search').type('10101010');\ncy.get('button#algolia-glass').click();\ncy.get('.result-content a.result .product_brand').click();\ncy.get('.product-info-main .page-title-wrapper h1.page-title span').should('have.text', 'Produto TESTE');\ncy.wait(3000);\ncy.get('.control input[type=\"number\"]').type(3);\ncy.get('button[title=\"Adicionar ao Carrinho\"]').click();\ncy.get('.page div div').should('contain', 'Você adicionou Produto TESTE ao carrinho de compras. Se deseja finalizar a compra ');\ncy.get('.page div div').should('be.visible');\ncy.get('.header-webjump div[data-block=\"minicart\"]').click();\ncy.get('button[class=\"action primary checkout\"]').click();\ncy.get('.page-main .page-title-wrapper h1 span.base').should('have.text', 'Carrinho de Compras');\ncy.get('#item-original-price span').should('have.text', 'R$60,00');\ncy.get('td[data-th=\"Subtotal\"] .price-excluding-tax .price').should('have.text', 'R$180,00');\ncy.get('.align-center input').should('have.value', 3);\ncy.get('.align-center button[class^=\"minusQty\"]').click();\ncy.get('.align-center button[class^=\"minusQty\"]').click();\ncy.get('.cart button[value=\"update_qty\"]').click();\ncy.get('.page-main  div div[role=\"alert\"] .message-success div').should('have.text', 'Carrinho atualizado com sucesso!');\ncy.get('.align-center input').should('have.value', 1);\ncy.get('#item-original-price span').should('have.text', 'R$60,00');\ncy.get('td[data-th=\"Subtotal\"] .price-excluding-tax .price').should('have.text', 'R$60,00');",
              "err": {},
              "uuid": "74e7cbda-7510-47af-8e48-59f1399ff294",
              "parentUUID": "b7947ae7-097a-4cb7-82ba-003904b9c820",
              "isHook": false,
              "skipped": false
            },
            {
              "title": "Delete item from cart using trash button",
              "fullTitle": "Cart Page Delete item from cart using trash button",
              "timedOut": null,
              "duration": 51995,
              "state": "passed",
              "speed": "slow",
              "pass": true,
              "fail": false,
              "pending": false,
              "context": null,
              "code": "cy.visit('/');\ncy.get('form#search_mini_form div span input#search').type('10101010');\ncy.get('button#algolia-glass').click();\ncy.get('.result-content a.result .product_brand').click();\ncy.get('.product-info-main .page-title-wrapper h1.page-title span').should('have.text', 'Produto TESTE');\ncy.wait(3000);\ncy.get('button[title=\"Adicionar ao Carrinho\"]').click();\ncy.get('form#search_mini_form div span input#search').type('10101011');\ncy.get('button#algolia-glass').click();\ncy.get('.result-content a.result .product_brand').click();\ncy.get('.product-info-main .page-title-wrapper h1.page-title span').should('have.text', 'Produto TESTE 2');\ncy.wait(3000);\ncy.get('button[title=\"Adicionar ao Carrinho\"]').click();\ncy.get('.header-webjump div[data-block=\"minicart\"]').click();\ncy.get('button[class=\"action primary checkout\"]').click();\ncy.get('.page-main .page-title-wrapper h1 span.base').should('have.text', 'Carrinho de Compras');\ncy.wait(3000);\ncy.intercept('GET', '**/checkout/cart/').as('cart');\ncy.intercept('POST', '/checkout/cart/updatePost').as('updateCart');\ncy.get('.actions-toolbar a[title=\"Excluir\"] span').first().click({\n  force: true\n}); // cy.intercept('GET', '**/checkout/cart/').as('cart')\ncy.wait('@cart');\ncy.wait('@updateCart');\ncy.get('.actions-toolbar a[title=\"Excluir\"] span').first().click({\n  force: true\n});\ncy.wait('@cart');\ncy.contains('.cart-empty', 'Nenhum item está em seu carrinho de compras'); // cy.get('.actions-toolbar a[title=\"Excluir\"] span').first().click({force: true})\n// cy.wait('@updateCart')",
              "err": {},
              "uuid": "a5d3112e-bde6-4a0f-a3e5-947ca97d4be8",
              "parentUUID": "b7947ae7-097a-4cb7-82ba-003904b9c820",
              "isHook": false,
              "skipped": false
            }
          ],
          "suites": [],
          "passes": [
            "2acdf79f-4d4b-4c48-ad48-e2523f93029c",
            "74e7cbda-7510-47af-8e48-59f1399ff294",
            "a5d3112e-bde6-4a0f-a3e5-947ca97d4be8"
          ],
          "failures": [],
          "pending": [],
          "skipped": [],
          "duration": 108225,
          "root": false,
          "rootEmpty": false,
          "_timeout": 2000
        }
      ],
      "passes": [],
      "failures": [],
      "pending": [],
      "skipped": [],
      "duration": 0,
      "root": true,
      "rootEmpty": true,
      "_timeout": 2000
    }
  ],
  "meta": {
    "mocha": {
      "version": "7.0.1"
    },
    "mochawesome": {
      "options": {
        "quiet": true,
        "reportFilename": "mochawesome",
        "saveHtml": false,
        "saveJson": true,
        "consoleReporter": "spec",
        "useInlineDiffs": false,
        "code": true
      },
      "version": "7.0.1"
    },
    "marge": {
      "options": {
        "id": "default",
        "reportDir": "mochawesome-report",
        "quiet": true,
        "overwrite": false,
        "html": false,
        "json": true
      },
      "version": "6.0.1"
    }
  }
}