{
  "stats": {
    "suites": 1,
    "tests": 2,
    "passes": 1,
    "pending": 3,
    "failures": -2,
    "start": "2022-01-13T15:55:42.493Z",
    "end": "2022-01-13T15:56:22.980Z",
    "duration": 40487,
    "testsRegistered": 4,
    "passPercent": 100,
    "pendingPercent": 75,
    "other": 2,
    "hasOther": true,
    "skipped": 0,
    "hasSkipped": false
  },
  "results": [
    {
      "uuid": "e573b10a-0840-4736-9811-e92b1ef5293b",
      "title": "",
      "fullFile": "cypress/integration/formValidation.spec.js",
      "file": "cypress/integration/formValidation.spec.js",
      "beforeHooks": [],
      "afterHooks": [],
      "tests": [],
      "suites": [
        {
          "uuid": "479761ff-0e43-45fe-b3eb-8dfc05ae81b7",
          "title": "Form Validation",
          "fullFile": "",
          "file": "",
          "beforeHooks": [],
          "afterHooks": [],
          "tests": [
            {
              "title": "Invalid e-mail",
              "fullTitle": "Form Validation Invalid e-mail",
              "timedOut": null,
              "duration": 40378,
              "state": "passed",
              "speed": "slow",
              "pass": true,
              "fail": false,
              "pending": false,
              "context": null,
              "code": "_index.default.invalidEmail();\n_index.default.validationRequiredFields(fields.email);",
              "err": {},
              "uuid": "2bac0fd9-9faf-48f8-81cf-7a76251ec9d1",
              "parentUUID": "479761ff-0e43-45fe-b3eb-8dfc05ae81b7",
              "isHook": false,
              "skipped": false
            },
            {
              "title": "Invalid CPF",
              "fullTitle": "Form Validation Invalid CPF",
              "timedOut": null,
              "duration": 0,
              "state": "pending",
              "speed": null,
              "pass": false,
              "fail": false,
              "pending": true,
              "context": null,
              "code": "",
              "err": {},
              "uuid": "8775f3f9-5db8-4e34-a76a-1a31fb7513cc",
              "parentUUID": "479761ff-0e43-45fe-b3eb-8dfc05ae81b7",
              "isHook": false,
              "skipped": false
            },
            {
              "title": "Invalid CNPJ",
              "fullTitle": "Form Validation Invalid CNPJ",
              "timedOut": null,
              "duration": 0,
              "state": "pending",
              "speed": null,
              "pass": false,
              "fail": false,
              "pending": true,
              "context": null,
              "code": "",
              "err": {},
              "uuid": "defe7caf-e871-4e59-9c77-b16ed2d9ac1b",
              "parentUUID": "479761ff-0e43-45fe-b3eb-8dfc05ae81b7",
              "isHook": false,
              "skipped": false
            },
            {
              "title": "validate minimum password character",
              "fullTitle": "Form Validation validate minimum password character",
              "timedOut": null,
              "duration": 0,
              "state": "pending",
              "speed": null,
              "pass": false,
              "fail": false,
              "pending": true,
              "context": null,
              "code": "",
              "err": {},
              "uuid": "c369e8de-a9e7-468e-92db-39be71ade64e",
              "parentUUID": "479761ff-0e43-45fe-b3eb-8dfc05ae81b7",
              "isHook": false,
              "skipped": false
            }
          ],
          "suites": [],
          "passes": [
            "2bac0fd9-9faf-48f8-81cf-7a76251ec9d1"
          ],
          "failures": [],
          "pending": [
            "8775f3f9-5db8-4e34-a76a-1a31fb7513cc",
            "defe7caf-e871-4e59-9c77-b16ed2d9ac1b",
            "c369e8de-a9e7-468e-92db-39be71ade64e"
          ],
          "skipped": [],
          "duration": 40378,
          "root": false,
          "rootEmpty": false,
          "_timeout": 2000
        }
      ],
      "passes": [],
      "failures": [],
      "pending": [],
      "skipped": [],
      "duration": 0,
      "root": true,
      "rootEmpty": true,
      "_timeout": 2000
    }
  ],
  "meta": {
    "mocha": {
      "version": "7.0.1"
    },
    "mochawesome": {
      "options": {
        "quiet": true,
        "reportFilename": "mochawesome",
        "saveHtml": false,
        "saveJson": true,
        "consoleReporter": "spec",
        "useInlineDiffs": false,
        "code": true
      },
      "version": "7.0.1"
    },
    "marge": {
      "options": {
        "id": "default",
        "reportDir": "mochawesome-report",
        "quiet": true,
        "overwrite": false,
        "html": false,
        "json": true
      },
      "version": "6.0.1"
    }
  }
}