{
  "stats": {
    "suites": 1,
    "tests": 1,
    "passes": 1,
    "pending": 0,
    "failures": 0,
    "start": "2022-02-15T15:42:22.068Z",
    "end": "2022-02-15T15:42:59.541Z",
    "duration": 37473,
    "testsRegistered": 1,
    "passPercent": 100,
    "pendingPercent": 0,
    "other": 0,
    "hasOther": false,
    "skipped": 0,
    "hasSkipped": false
  },
  "results": [
    {
      "uuid": "4fcdd02a-abd0-4d97-9736-5da1e6a5e791",
      "title": "",
      "fullFile": "cypress/integration/cart.spec.js",
      "file": "cypress/integration/cart.spec.js",
      "beforeHooks": [],
      "afterHooks": [],
      "tests": [],
      "suites": [
        {
          "uuid": "e3c6106c-128d-4418-b9ff-6064973fac64",
          "title": "Cart Page",
          "fullFile": "",
          "file": "",
          "beforeHooks": [],
          "afterHooks": [],
          "tests": [
            {
              "title": "Validate option to add items to quote",
              "fullTitle": "Cart Page Validate option to add items to quote",
              "timedOut": null,
              "duration": 37447,
              "state": "passed",
              "speed": "slow",
              "pass": true,
              "fail": false,
              "pending": false,
              "context": null,
              "code": "_CartPage.default.addCart();\n_CartPage.default.alertAddProductToCart('Você adicionou Produto TESTE ao carrinho de compras. Se deseja finalizar a compra ');\n_CartPage.default.goCart();\ncy.wait(3000);\n_CartPage.default.validateButtonWishlist();",
              "err": {},
              "uuid": "73e780ef-3286-4a17-b90c-81867b38ea53",
              "parentUUID": "e3c6106c-128d-4418-b9ff-6064973fac64",
              "isHook": false,
              "skipped": false
            }
          ],
          "suites": [],
          "passes": [
            "73e780ef-3286-4a17-b90c-81867b38ea53"
          ],
          "failures": [],
          "pending": [],
          "skipped": [],
          "duration": 37447,
          "root": false,
          "rootEmpty": false,
          "_timeout": 2000
        }
      ],
      "passes": [],
      "failures": [],
      "pending": [],
      "skipped": [],
      "duration": 0,
      "root": true,
      "rootEmpty": true,
      "_timeout": 2000
    }
  ],
  "meta": {
    "mocha": {
      "version": "7.0.1"
    },
    "mochawesome": {
      "options": {
        "quiet": true,
        "reportFilename": "mochawesome",
        "saveHtml": false,
        "saveJson": true,
        "consoleReporter": "spec",
        "useInlineDiffs": false,
        "code": true
      },
      "version": "7.0.1"
    },
    "marge": {
      "options": {
        "id": "default",
        "reportDir": "mochawesome-report",
        "quiet": true,
        "overwrite": false,
        "html": false,
        "json": true
      },
      "version": "6.0.1"
    }
  }
}