{
  "stats": {
    "suites": 1,
    "tests": 1,
    "passes": 0,
    "pending": 3,
    "failures": -2,
    "start": "2021-12-09T12:57:16.117Z",
    "end": "2021-12-09T12:57:16.141Z",
    "duration": 24,
    "testsRegistered": 3,
    "passPercent": null,
    "pendingPercent": 100,
    "other": 2,
    "hasOther": true,
    "skipped": 0,
    "hasSkipped": false
  },
  "results": [
    {
      "uuid": "0fb71a4c-46bd-4195-996d-e11c6ce0e61e",
      "title": "",
      "fullFile": "cypress/integration/registrationCustomerCompany.spec.js",
      "file": "cypress/integration/registrationCustomerCompany.spec.js",
      "beforeHooks": [],
      "afterHooks": [],
      "tests": [],
      "suites": [
        {
          "uuid": "4434d7a8-8c89-451e-aee6-7155e858f5a8",
          "title": "Registration Customer Company",
          "fullFile": "",
          "file": "",
          "beforeHooks": [],
          "afterHooks": [],
          "tests": [
            {
              "title": "Create Customer",
              "fullTitle": "Registration Customer Company Create Customer",
              "timedOut": null,
              "duration": 0,
              "state": "pending",
              "speed": null,
              "pass": false,
              "fail": false,
              "pending": true,
              "context": null,
              "code": "",
              "err": {},
              "uuid": "1a60f88a-2db2-4a63-a99b-c37ed4f6dbfb",
              "parentUUID": "4434d7a8-8c89-451e-aee6-7155e858f5a8",
              "isHook": false,
              "skipped": false
            },
            {
              "title": "Validate existing taxvat",
              "fullTitle": "Registration Customer Company Validate existing taxvat",
              "timedOut": null,
              "duration": 0,
              "state": "pending",
              "speed": null,
              "pass": false,
              "fail": false,
              "pending": true,
              "context": null,
              "code": "",
              "err": {},
              "uuid": "8b4e5580-31b6-499c-8f60-089dc7cbac55",
              "parentUUID": "4434d7a8-8c89-451e-aee6-7155e858f5a8",
              "isHook": false,
              "skipped": false
            },
            {
              "title": "Validate existing e-mail",
              "fullTitle": "Registration Customer Company Validate existing e-mail",
              "timedOut": null,
              "duration": 0,
              "state": "pending",
              "speed": null,
              "pass": false,
              "fail": false,
              "pending": true,
              "context": null,
              "code": "",
              "err": {},
              "uuid": "d3483bac-cd99-4d77-9823-a6a69d757dee",
              "parentUUID": "4434d7a8-8c89-451e-aee6-7155e858f5a8",
              "isHook": false,
              "skipped": false
            }
          ],
          "suites": [],
          "passes": [],
          "failures": [],
          "pending": [
            "1a60f88a-2db2-4a63-a99b-c37ed4f6dbfb",
            "8b4e5580-31b6-499c-8f60-089dc7cbac55",
            "d3483bac-cd99-4d77-9823-a6a69d757dee"
          ],
          "skipped": [],
          "duration": 0,
          "root": false,
          "rootEmpty": false,
          "_timeout": 2000
        }
      ],
      "passes": [],
      "failures": [],
      "pending": [],
      "skipped": [],
      "duration": 0,
      "root": true,
      "rootEmpty": true,
      "_timeout": 2000
    }
  ],
  "meta": {
    "mocha": {
      "version": "7.0.1"
    },
    "mochawesome": {
      "options": {
        "quiet": true,
        "reportFilename": "mochawesome",
        "saveHtml": false,
        "saveJson": true,
        "consoleReporter": "spec",
        "useInlineDiffs": false,
        "code": true
      },
      "version": "7.0.1"
    },
    "marge": {
      "options": {
        "id": "default",
        "reportDir": "mochawesome-report",
        "quiet": true,
        "overwrite": false,
        "html": false,
        "json": true
      },
      "version": "6.0.1"
    }
  }
}