{
  "stats": {
    "suites": 1,
    "tests": 1,
    "passes": 1,
    "pending": 0,
    "failures": 0,
    "start": "2022-02-21T19:32:11.300Z",
    "end": "2022-02-21T19:32:25.200Z",
    "duration": 13900,
    "testsRegistered": 1,
    "passPercent": 100,
    "pendingPercent": 0,
    "other": 0,
    "hasOther": false,
    "skipped": 0,
    "hasSkipped": false
  },
  "results": [
    {
      "uuid": "26bdcbc9-9481-4cf5-bff9-97ce437f67f5",
      "title": "",
      "fullFile": "cypress/integration/ec/address.spec.js",
      "file": "cypress/integration/ec/address.spec.js",
      "beforeHooks": [],
      "afterHooks": [],
      "tests": [],
      "suites": [
        {
          "uuid": "e35ab5fc-e124-4b02-a8c4-dd0c3d8af9c4",
          "title": "EC - Address",
          "fullFile": "",
          "file": "",
          "beforeHooks": [],
          "afterHooks": [],
          "tests": [
            {
              "title": "Add additional address as default billing",
              "fullTitle": "EC - Address Add additional address as default billing",
              "timedOut": null,
              "duration": 13750,
              "state": "passed",
              "speed": "slow",
              "pass": true,
              "fail": false,
              "pending": false,
              "context": null,
              "code": "cy.intercept('**/customer/address/').as('address');\ncy.get('.nav .nav#customer-address').click();\ncy.wait('@address'); // cy.contains('.actions-toolbar .primary button span', 'Adicionar Novo Endereço').click()\ncy.get('.actions-toolbar .primary button.action[title=\"Adicionar Novo Endereço\"]').click(); // cy.contains('Adicionar Novo Endereço').click({force: true})",
              "err": {},
              "uuid": "e36f9f73-c2db-4276-9b37-8886a032feff",
              "parentUUID": "e35ab5fc-e124-4b02-a8c4-dd0c3d8af9c4",
              "isHook": false,
              "skipped": false
            }
          ],
          "suites": [],
          "passes": [
            "e36f9f73-c2db-4276-9b37-8886a032feff"
          ],
          "failures": [],
          "pending": [],
          "skipped": [],
          "duration": 13750,
          "root": false,
          "rootEmpty": false,
          "_timeout": 2000
        }
      ],
      "passes": [],
      "failures": [],
      "pending": [],
      "skipped": [],
      "duration": 0,
      "root": true,
      "rootEmpty": true,
      "_timeout": 2000
    }
  ],
  "meta": {
    "mocha": {
      "version": "7.0.1"
    },
    "mochawesome": {
      "options": {
        "quiet": true,
        "reportFilename": "mochawesome",
        "saveHtml": false,
        "saveJson": true,
        "consoleReporter": "spec",
        "useInlineDiffs": false,
        "code": true
      },
      "version": "7.0.1"
    },
    "marge": {
      "options": {
        "id": "default",
        "reportDir": "mochawesome-report",
        "quiet": true,
        "overwrite": false,
        "html": false,
        "json": true
      },
      "version": "6.0.1"
    }
  }
}