{
  "stats": {
    "suites": 1,
    "tests": 3,
    "passes": 2,
    "pending": 0,
    "failures": 1,
    "start": "2022-02-09T12:56:59.918Z",
    "end": "2022-02-09T12:58:47.482Z",
    "duration": 107564,
    "testsRegistered": 3,
    "passPercent": 66.66666666666666,
    "pendingPercent": 0,
    "other": 0,
    "hasOther": false,
    "skipped": 0,
    "hasSkipped": false
  },
  "results": [
    {
      "uuid": "e0874cf1-16e1-4469-9237-20fb174488e1",
      "title": "",
      "fullFile": "cypress/integration/cart.spec.js",
      "file": "cypress/integration/cart.spec.js",
      "beforeHooks": [],
      "afterHooks": [],
      "tests": [],
      "suites": [
        {
          "uuid": "9f0734eb-1778-4018-8d94-b66e07ca4309",
          "title": "Cart Page",
          "fullFile": "",
          "file": "",
          "beforeHooks": [],
          "afterHooks": [],
          "tests": [
            {
              "title": "Add unit of product items using the \"+\" button",
              "fullTitle": "Cart Page Add unit of product items using the \"+\" button",
              "timedOut": null,
              "duration": 30119,
              "state": "passed",
              "speed": "slow",
              "pass": true,
              "fail": false,
              "pending": false,
              "context": null,
              "code": "cy.visit('/');\ncy.get('form#search_mini_form div span input#search').type('10101010');\ncy.get('button#algolia-glass').click();\ncy.get('.result-content a.result .product_brand').click();\ncy.get('.product-info-main .page-title-wrapper h1.page-title span').should('have.text', 'Produto TESTE'); // cy.intercept('/customer/section/load?sections=customer').as('addCart')\n// cy.wait('@addCart')\ncy.wait(3000);\ncy.get('button[title=\"Adicionar ao Carrinho\"]').click(); // cy.intercept('POST', '**/product/**').as('addCart')\n// cy.wait('@addCart')\ncy.get('.page div div').should('contain', 'Você adicionou Produto TESTE ao carrinho de compras. Se deseja finalizar a compra ');\ncy.get('.page div div').should('be.visible');\ncy.get('.header-webjump div[data-block=\"minicart\"]').click();\ncy.get('button[class=\"action primary checkout\"]').click();\ncy.get('.page-main .page-title-wrapper h1 span.base').should('have.text', 'Carrinho de Compras');\ncy.get('.align-center input').should('have.value', 1);\ncy.get('.align-center button[class^=\"plusQty\"]').click();\ncy.get('.align-center button[class^=\"plusQty\"]').click();\ncy.get('.cart button[value=\"update_qty\"]').click();\ncy.get('.align-center input').should('have.value', 3);\ncy.get('.page-main  div div[role=\"alert\"] .message-success div').should('have.text', 'Carrinho atualizado com sucesso!');\ncy.get('#item-original-price span').should('have.text', 'R$60,00');\ncy.get('td[data-th=\"Subtotal\"] .price-excluding-tax .price').should('have.text', 'R$180,00'); //.align-center button[class^=\"minusQty\"]\n//cy.get('input[name=\"address\"]').should('have.value', deliver.address.street)\ncy.clearCookies();",
              "err": {},
              "uuid": "f2443bda-2bf2-4bd8-86bb-b1351883682a",
              "parentUUID": "9f0734eb-1778-4018-8d94-b66e07ca4309",
              "isHook": false,
              "skipped": false
            },
            {
              "title": "Remove unit of product items using the \"-\" button",
              "fullTitle": "Cart Page Remove unit of product items using the \"-\" button",
              "timedOut": null,
              "duration": 28435,
              "state": "failed",
              "speed": null,
              "pass": false,
              "fail": true,
              "pending": false,
              "context": null,
              "code": "cy.visit('/');\ncy.get('form#search_mini_form div span input#search').type('10101010');\ncy.get('button#algolia-glass').click();\ncy.get('.result-content a.result .product_brand').click();\ncy.get('.product-info-main .page-title-wrapper h1.page-title span').should('have.text', 'Produto TESTE');\ncy.wait(3000);\ncy.get('.control input[type=\"number\"]').type(3);\ncy.get('button[title=\"Adicionar ao Carrinho\"]').click();\ncy.get('.page div div').should('contain', 'Você adicionou Produto TESTE ao carrinho de compras. Se deseja finalizar a compra ');\ncy.get('.page div div').should('be.visible');\ncy.get('.header-webjump div[data-block=\"minicart\"]').click();\ncy.get('button[class=\"action primary checkout\"]').click();\ncy.get('.page-main .page-title-wrapper h1 span.base').should('have.text', 'Carrinho de Compras');\ncy.get('#item-original-price span').should('have.text', 'R$60,00');\ncy.get('td[data-th=\"Subtotal\"] .price-excluding-tax .price').should('have.text', 'R$180,00');\ncy.get('.align-center input').should('have.value', 3);\ncy.get('.align-center button[class^=\"minusQty\"]').click();\ncy.get('.align-center button[class^=\"minusQty\"]').click();\ncy.get('.cart button[value=\"update_qty\"]').click();\ncy.get('.page-main  div div[role=\"alert\"] .message-success div').should('have.text', 'Carrinho atualizado com sucesso!');\ncy.get('.align-center input').should('have.value', 1);\ncy.get('#item-original-price span').should('have.text', 'R$60,00');\ncy.get('td[data-th=\"Subtotal\"] .price-excluding-tax .price').should('have.text', 'R$60,00');",
              "err": {
                "message": "AssertionError: Timed out retrying after 6000ms: expected '<span.price>' to have text 'R$180,00', but the text was 'R$360,00'",
                "estack": "AssertionError: Timed out retrying after 6000ms: expected '<span.price>' to have text 'R$180,00', but the text was 'R$360,00'\n    at Context.eval (https://homolog.obramax.com.br/__cypress/tests?p=cypress/integration/cart.spec.js:145:66)",
                "diff": "- 'R$360,00'\n+ 'R$180,00'\n"
              },
              "uuid": "96d83a72-ee4d-4dcb-bf20-f6705d3dbf56",
              "parentUUID": "9f0734eb-1778-4018-8d94-b66e07ca4309",
              "isHook": false,
              "skipped": false
            },
            {
              "title": "Delete item from cart using trash button",
              "fullTitle": "Cart Page Delete item from cart using trash button",
              "timedOut": null,
              "duration": 48702,
              "state": "passed",
              "speed": "slow",
              "pass": true,
              "fail": false,
              "pending": false,
              "context": null,
              "code": "cy.visit('/');\ncy.get('form#search_mini_form div span input#search').type('10101010');\ncy.get('button#algolia-glass').click();\ncy.get('.result-content a.result .product_brand').click();\ncy.get('.product-info-main .page-title-wrapper h1.page-title span').should('have.text', 'Produto TESTE');\ncy.wait(3000);\ncy.get('button[title=\"Adicionar ao Carrinho\"]').click();\ncy.get('form#search_mini_form div span input#search').type('10101011');\ncy.get('button#algolia-glass').click();\ncy.get('.result-content a.result .product_brand').click();\ncy.get('.product-info-main .page-title-wrapper h1.page-title span').should('have.text', 'Produto TESTE 2');\ncy.wait(3000);\ncy.get('button[title=\"Adicionar ao Carrinho\"]').click();\ncy.get('.header-webjump div[data-block=\"minicart\"]').click();\ncy.get('button[class=\"action primary checkout\"]').click();\ncy.get('.page-main .page-title-wrapper h1 span.base').should('have.text', 'Carrinho de Compras');\ncy.wait(3000);\ncy.intercept('GET', '**/checkout/cart/').as('cart');\ncy.intercept('POST', '/checkout/cart/updatePost').as('updateCart');\ncy.get('.actions-toolbar a[title=\"Excluir\"] span').first().click({\n  force: true\n}); // cy.intercept('GET', '**/checkout/cart/').as('cart')\ncy.wait('@cart');\ncy.wait('@updateCart');\ncy.get('.actions-toolbar a[title=\"Excluir\"] span').first().click({\n  force: true\n});\ncy.wait('@cart');\ncy.contains('.cart-empty', 'Nenhum item está em seu carrinho de compras'); // cy.get('.actions-toolbar a[title=\"Excluir\"] span').first().click({force: true})\n// cy.wait('@updateCart')",
              "err": {},
              "uuid": "340ece79-92b2-4f63-a08d-071cd910dc98",
              "parentUUID": "9f0734eb-1778-4018-8d94-b66e07ca4309",
              "isHook": false,
              "skipped": false
            }
          ],
          "suites": [],
          "passes": [
            "f2443bda-2bf2-4bd8-86bb-b1351883682a",
            "340ece79-92b2-4f63-a08d-071cd910dc98"
          ],
          "failures": [
            "96d83a72-ee4d-4dcb-bf20-f6705d3dbf56"
          ],
          "pending": [],
          "skipped": [],
          "duration": 107256,
          "root": false,
          "rootEmpty": false,
          "_timeout": 2000
        }
      ],
      "passes": [],
      "failures": [],
      "pending": [],
      "skipped": [],
      "duration": 0,
      "root": true,
      "rootEmpty": true,
      "_timeout": 2000
    }
  ],
  "meta": {
    "mocha": {
      "version": "7.0.1"
    },
    "mochawesome": {
      "options": {
        "quiet": true,
        "reportFilename": "mochawesome",
        "saveHtml": false,
        "saveJson": true,
        "consoleReporter": "spec",
        "useInlineDiffs": false,
        "code": true
      },
      "version": "7.0.1"
    },
    "marge": {
      "options": {
        "id": "default",
        "reportDir": "mochawesome-report",
        "quiet": true,
        "overwrite": false,
        "html": false,
        "json": true
      },
      "version": "6.0.1"
    }
  }
}