{
  "stats": {
    "suites": 1,
    "tests": 6,
    "passes": 6,
    "pending": 0,
    "failures": 0,
    "start": "2022-02-01T19:55:36.443Z",
    "end": "2022-02-01T19:56:33.285Z",
    "duration": 56842,
    "testsRegistered": 6,
    "passPercent": 100,
    "pendingPercent": 0,
    "other": 0,
    "hasOther": false,
    "skipped": 0,
    "hasSkipped": false
  },
  "results": [
    {
      "uuid": "d585ee96-b616-4dd1-bd31-eb0c2174e019",
      "title": "",
      "fullFile": "cypress/integration/signinCustomer.spec.js",
      "file": "cypress/integration/signinCustomer.spec.js",
      "beforeHooks": [],
      "afterHooks": [],
      "tests": [],
      "suites": [
        {
          "uuid": "6518afe8-abd3-41f7-9234-dffdaa62a61d",
          "title": "SignIn Page Customer",
          "fullFile": "",
          "file": "",
          "beforeHooks": [],
          "afterHooks": [],
          "tests": [
            {
              "title": "Login with email",
              "fullTitle": "SignIn Page Customer Login with email",
              "timedOut": null,
              "duration": 11890,
              "state": "passed",
              "speed": "slow",
              "pass": true,
              "fail": false,
              "pending": false,
              "context": null,
              "code": "var customer = _SigninFactory.default.customer();\n_SigninPage.default.waitRequest();\n_SigninPage.default.authentication(customer);\n_SigninPage.default.submit();\n_SigninPage.default.waitRequest();\n_SigninPage.default.loginSuccessfully();",
              "err": {},
              "uuid": "6369f771-2bce-46ca-ab06-cc13c20c08dc",
              "parentUUID": "6518afe8-abd3-41f7-9234-dffdaa62a61d",
              "isHook": false,
              "skipped": false
            },
            {
              "title": "Login with CPF",
              "fullTitle": "SignIn Page Customer Login with CPF",
              "timedOut": null,
              "duration": 8043,
              "state": "passed",
              "speed": "medium",
              "pass": true,
              "fail": false,
              "pending": false,
              "context": null,
              "code": "var customer = _SigninFactory.default.customer();\ncustomer.username = '67251817837';\n_SigninPage.default.waitRequest();\n_SigninPage.default.authentication(customer);\n_SigninPage.default.submit();\n_SigninPage.default.waitRequest();\n_SigninPage.default.loginSuccessfully();",
              "err": {},
              "uuid": "24d10f00-8b9a-4d03-b635-140f5739e043",
              "parentUUID": "6518afe8-abd3-41f7-9234-dffdaa62a61d",
              "isHook": false,
              "skipped": false
            },
            {
              "title": "Login with CNPJ",
              "fullTitle": "SignIn Page Customer Login with CNPJ",
              "timedOut": null,
              "duration": 9504,
              "state": "passed",
              "speed": "medium",
              "pass": true,
              "fail": false,
              "pending": false,
              "context": null,
              "code": "var customer = _SigninFactory.default.customer();\ncustomer.username = '47253900000104';\n_SigninPage.default.waitRequest();\n_SigninPage.default.authentication(customer);\n_SigninPage.default.submit();\n_SigninPage.default.waitRequest();\n_SigninPage.default.loginSuccessfully();",
              "err": {},
              "uuid": "58f428b3-c5b0-4e2c-a796-118e28ff3615",
              "parentUUID": "6518afe8-abd3-41f7-9234-dffdaa62a61d",
              "isHook": false,
              "skipped": false
            },
            {
              "title": "Login with incorrect email",
              "fullTitle": "SignIn Page Customer Login with incorrect email",
              "timedOut": null,
              "duration": 10543,
              "state": "passed",
              "speed": "slow",
              "pass": true,
              "fail": false,
              "pending": false,
              "context": null,
              "code": "var customer = _SigninFactory.default.customer();\ncustomer.username = 'obramax@teste.com';\n_SigninPage.default.waitRequest();\n_SigninPage.default.authentication(customer);\n_SigninPage.default.submit();\n_SigninPage.default.alertMessageShouldBe('O login da conta esta incorreto ou sua conta foi desativada temporariamente. Aguarde e tente novamente mais tarde.');",
              "err": {},
              "uuid": "66725ac8-9304-4bfb-9a97-615bd1fff523",
              "parentUUID": "6518afe8-abd3-41f7-9234-dffdaa62a61d",
              "isHook": false,
              "skipped": false
            },
            {
              "title": "Login with incorrect password",
              "fullTitle": "SignIn Page Customer Login with incorrect password",
              "timedOut": null,
              "duration": 10322,
              "state": "passed",
              "speed": "slow",
              "pass": true,
              "fail": false,
              "pending": false,
              "context": null,
              "code": "var customer = _SigninFactory.default.customer();\ncustomer.password = 'xxxxxxxxxx222';\n_SigninPage.default.waitRequest();\n_SigninPage.default.authentication(customer);\n_SigninPage.default.submit();\n_SigninPage.default.waitRequest();\n_SigninPage.default.alertMessageShouldBe('O login da conta esta incorreto ou sua conta foi desativada temporariamente. Aguarde e tente novamente mais tarde.');",
              "err": {},
              "uuid": "758621c9-8038-42c0-9bc2-894abcd1ed6d",
              "parentUUID": "6518afe8-abd3-41f7-9234-dffdaa62a61d",
              "isHook": false,
              "skipped": false
            },
            {
              "title": "Login with required fields empty",
              "fullTitle": "SignIn Page Customer Login with required fields empty",
              "timedOut": null,
              "duration": 6281,
              "state": "passed",
              "speed": "medium",
              "pass": true,
              "fail": false,
              "pending": false,
              "context": null,
              "code": "var customer = _SigninFactory.default.customer();\ncustomer.password = ' ';\ncustomer.username = ' ';\n_SigninPage.default.waitRequest();\n_SigninPage.default.authentication(customer);\n_SigninPage.default.submit();\n_SigninPage.default.requiredFieldShouldBe('Este campo é obrigatório.');",
              "err": {},
              "uuid": "308ce41f-e25a-49e7-a81f-73d592f7bb17",
              "parentUUID": "6518afe8-abd3-41f7-9234-dffdaa62a61d",
              "isHook": false,
              "skipped": false
            }
          ],
          "suites": [],
          "passes": [
            "6369f771-2bce-46ca-ab06-cc13c20c08dc",
            "24d10f00-8b9a-4d03-b635-140f5739e043",
            "58f428b3-c5b0-4e2c-a796-118e28ff3615",
            "66725ac8-9304-4bfb-9a97-615bd1fff523",
            "758621c9-8038-42c0-9bc2-894abcd1ed6d",
            "308ce41f-e25a-49e7-a81f-73d592f7bb17"
          ],
          "failures": [],
          "pending": [],
          "skipped": [],
          "duration": 56583,
          "root": false,
          "rootEmpty": false,
          "_timeout": 2000
        }
      ],
      "passes": [],
      "failures": [],
      "pending": [],
      "skipped": [],
      "duration": 0,
      "root": true,
      "rootEmpty": true,
      "_timeout": 2000
    }
  ],
  "meta": {
    "mocha": {
      "version": "7.0.1"
    },
    "mochawesome": {
      "options": {
        "quiet": true,
        "reportFilename": "mochawesome",
        "saveHtml": false,
        "saveJson": true,
        "consoleReporter": "spec",
        "useInlineDiffs": false,
        "code": true
      },
      "version": "7.0.1"
    },
    "marge": {
      "options": {
        "id": "default",
        "reportDir": "mochawesome-report",
        "quiet": true,
        "overwrite": false,
        "html": false,
        "json": true
      },
      "version": "6.0.1"
    }
  }
}