{
  "stats": {
    "suites": 1,
    "tests": 6,
    "passes": 4,
    "pending": 0,
    "failures": 2,
    "start": "2022-02-15T15:47:19.487Z",
    "end": "2022-02-15T15:48:32.797Z",
    "duration": 73310,
    "testsRegistered": 6,
    "passPercent": 66.66666666666666,
    "pendingPercent": 0,
    "other": 0,
    "hasOther": false,
    "skipped": 0,
    "hasSkipped": false
  },
  "results": [
    {
      "uuid": "32c2177e-d2a9-44e8-afc9-ac55c82e6e74",
      "title": "",
      "fullFile": "cypress/integration/signinCustomer.spec.js",
      "file": "cypress/integration/signinCustomer.spec.js",
      "beforeHooks": [],
      "afterHooks": [],
      "tests": [],
      "suites": [
        {
          "uuid": "7823a8d3-8e5b-411f-b802-5fb64615ea71",
          "title": "SignIn Page Customer",
          "fullFile": "",
          "file": "",
          "beforeHooks": [],
          "afterHooks": [],
          "tests": [
            {
              "title": "Login with email",
              "fullTitle": "SignIn Page Customer Login with email",
              "timedOut": null,
              "duration": 19611,
              "state": "passed",
              "speed": "slow",
              "pass": true,
              "fail": false,
              "pending": false,
              "context": null,
              "code": "var customer = _SigninFactory.default.customer();\n_SigninPage.default.waitRequest();\n_SigninPage.default.authentication(customer);\n_SigninPage.default.submit();\n_SigninPage.default.waitRequest();\n_SigninPage.default.loginSuccessfully();\n_SigninPage.default.usernameLoggedShouldBeVisible('Olá, Usuário!');",
              "err": {},
              "uuid": "5f8da248-7b3f-43bf-bea8-200bf24c8fe6",
              "parentUUID": "7823a8d3-8e5b-411f-b802-5fb64615ea71",
              "isHook": false,
              "skipped": false
            },
            {
              "title": "Login with CPF",
              "fullTitle": "SignIn Page Customer Login with CPF",
              "timedOut": null,
              "duration": 9516,
              "state": "failed",
              "speed": null,
              "pass": false,
              "fail": true,
              "pending": false,
              "context": null,
              "code": "var customer = _SigninFactory.default.customer();\ncustomer.username = '67251817837';\n_SigninPage.default.waitRequest();\n_SigninPage.default.authentication(customer);\n_SigninPage.default.submit();\n_SigninPage.default.waitRequest();\n_SigninPage.default.loginSuccessfully();\n_SigninPage.default.usernameLoggedShouldBeVisible('Olá, Usuário!');",
              "err": {
                "message": "CypressError: Timed out retrying after 6000ms: `cy.wait()` timed out waiting `6000ms` for the 1st request to the route: `login`. No request ever occurred.\n\nhttps://on.cypress.io/wait",
                "estack": "CypressError: Timed out retrying after 6000ms: `cy.wait()` timed out waiting `6000ms` for the 1st request to the route: `login`. No request ever occurred.\n\nhttps://on.cypress.io/wait\n    at cypressErr (https://homolog.obramax.com.br/__cypress/runner/cypress_runner.js:175967:18)\n    at Object.errByPath (https://homolog.obramax.com.br/__cypress/runner/cypress_runner.js:176036:10)\n    at checkForXhr (https://homolog.obramax.com.br/__cypress/runner/cypress_runner.js:162212:92)\n    at https://homolog.obramax.com.br/__cypress/runner/cypress_runner.js:162235:28\n    at tryCatcher (https://homolog.obramax.com.br/__cypress/runner/cypress_runner.js:13196:23)\n    at Function.Promise.attempt.Promise.try (https://homolog.obramax.com.br/__cypress/runner/cypress_runner.js:10470:29)\n    at whenStable (https://homolog.obramax.com.br/__cypress/runner/cypress_runner.js:168438:63)\n    at https://homolog.obramax.com.br/__cypress/runner/cypress_runner.js:167935:14\n    at tryCatcher (https://homolog.obramax.com.br/__cypress/runner/cypress_runner.js:13196:23)\n    at Promise._settlePromiseFromHandler (https://homolog.obramax.com.br/__cypress/runner/cypress_runner.js:11131:31)\n    at Promise._settlePromise (https://homolog.obramax.com.br/__cypress/runner/cypress_runner.js:11188:18)\n    at Promise._settlePromise0 (https://homolog.obramax.com.br/__cypress/runner/cypress_runner.js:11233:10)\n    at Promise._settlePromises (https://homolog.obramax.com.br/__cypress/runner/cypress_runner.js:11313:18)\n    at Promise._fulfill (https://homolog.obramax.com.br/__cypress/runner/cypress_runner.js:11257:18)\n    at https://homolog.obramax.com.br/__cypress/runner/cypress_runner.js:12871:46\nFrom Your Spec Code:\n    at SigninPage.waitRequest (https://homolog.obramax.com.br/__cypress/tests?p=cypress/integration/signinCustomer.spec.js:275:8)\n    at Context.eval (https://homolog.obramax.com.br/__cypress/tests?p=cypress/integration/signinCustomer.spec.js:176:25)",
                "diff": null
              },
              "uuid": "a34ddc4c-8d30-4fdd-be1b-78b2dd49a080",
              "parentUUID": "7823a8d3-8e5b-411f-b802-5fb64615ea71",
              "isHook": false,
              "skipped": false
            },
            {
              "title": "Login with CNPJ",
              "fullTitle": "SignIn Page Customer Login with CNPJ",
              "timedOut": null,
              "duration": 15368,
              "state": "failed",
              "speed": null,
              "pass": false,
              "fail": true,
              "pending": false,
              "context": null,
              "code": "var customer = _SigninFactory.default.customer();\ncustomer.username = '47253900000104';\n_SigninPage.default.waitRequest();\n_SigninPage.default.authentication(customer);\n_SigninPage.default.submit();\n_SigninPage.default.waitRequest();\n_SigninPage.default.loginSuccessfully();\n_SigninPage.default.usernameLoggedShouldBeVisible('Olá, Usuário!');",
              "err": {
                "message": "AssertionError: Timed out retrying after 6000ms: expected '<span.logged-in>' to have text 'Olá, Usuário!', but the text was '\\n        '",
                "estack": "AssertionError: Timed out retrying after 6000ms: expected '<span.logged-in>' to have text 'Olá, Usuário!', but the text was '\\n        '\n    at SigninPage.usernameLoggedShouldBeVisible (https://homolog.obramax.com.br/__cypress/tests?p=cypress/integration/signinCustomer.spec.js:300:59)\n    at Context.eval (https://homolog.obramax.com.br/__cypress/tests?p=cypress/integration/signinCustomer.spec.js:203:25)",
                "diff": "- '\\n        '\n+ 'Olá, Usuário!'\n"
              },
              "uuid": "d022015b-2733-4054-b88c-28507e806f4d",
              "parentUUID": "7823a8d3-8e5b-411f-b802-5fb64615ea71",
              "isHook": false,
              "skipped": false
            },
            {
              "title": "Login with incorrect email",
              "fullTitle": "SignIn Page Customer Login with incorrect email",
              "timedOut": null,
              "duration": 11041,
              "state": "passed",
              "speed": "slow",
              "pass": true,
              "fail": false,
              "pending": false,
              "context": null,
              "code": "var customer = _SigninFactory.default.customer();\ncustomer.username = 'obramax@teste.com';\n_SigninPage.default.waitRequest();\n_SigninPage.default.authentication(customer);\n_SigninPage.default.submit();\n_SigninPage.default.alertMessageShouldBe('O login da conta esta incorreto ou sua conta foi desativada temporariamente. Aguarde e tente novamente mais tarde.');",
              "err": {},
              "uuid": "20f932d2-4e8a-450e-9d67-cf30b3eb1e00",
              "parentUUID": "7823a8d3-8e5b-411f-b802-5fb64615ea71",
              "isHook": false,
              "skipped": false
            },
            {
              "title": "Login with incorrect password",
              "fullTitle": "SignIn Page Customer Login with incorrect password",
              "timedOut": null,
              "duration": 12833,
              "state": "passed",
              "speed": "slow",
              "pass": true,
              "fail": false,
              "pending": false,
              "context": null,
              "code": "var customer = _SigninFactory.default.customer();\ncustomer.password = 'xxxxxxxxxx222';\n_SigninPage.default.waitRequest();\n_SigninPage.default.authentication(customer);\n_SigninPage.default.submit();\n_SigninPage.default.waitRequest();\n_SigninPage.default.alertMessageShouldBe('O login da conta esta incorreto ou sua conta foi desativada temporariamente. Aguarde e tente novamente mais tarde.');",
              "err": {},
              "uuid": "32df036f-b0a8-44c2-b985-4630adbfc936",
              "parentUUID": "7823a8d3-8e5b-411f-b802-5fb64615ea71",
              "isHook": false,
              "skipped": false
            },
            {
              "title": "Login with required fields empty",
              "fullTitle": "SignIn Page Customer Login with required fields empty",
              "timedOut": null,
              "duration": 4593,
              "state": "passed",
              "speed": "fast",
              "pass": true,
              "fail": false,
              "pending": false,
              "context": null,
              "code": "var customer = _SigninFactory.default.customer();\ncustomer.password = ' ';\ncustomer.username = ' ';\n_SigninPage.default.waitRequest();\n_SigninPage.default.authentication(customer);\n_SigninPage.default.submit();\n_SigninPage.default.requiredFieldShouldBe('Este campo é obrigatório.');",
              "err": {},
              "uuid": "aba9efd7-3350-44fe-a631-0337cf155ceb",
              "parentUUID": "7823a8d3-8e5b-411f-b802-5fb64615ea71",
              "isHook": false,
              "skipped": false
            }
          ],
          "suites": [],
          "passes": [
            "5f8da248-7b3f-43bf-bea8-200bf24c8fe6",
            "20f932d2-4e8a-450e-9d67-cf30b3eb1e00",
            "32df036f-b0a8-44c2-b985-4630adbfc936",
            "aba9efd7-3350-44fe-a631-0337cf155ceb"
          ],
          "failures": [
            "a34ddc4c-8d30-4fdd-be1b-78b2dd49a080",
            "d022015b-2733-4054-b88c-28507e806f4d"
          ],
          "pending": [],
          "skipped": [],
          "duration": 72962,
          "root": false,
          "rootEmpty": false,
          "_timeout": 2000
        }
      ],
      "passes": [],
      "failures": [],
      "pending": [],
      "skipped": [],
      "duration": 0,
      "root": true,
      "rootEmpty": true,
      "_timeout": 2000
    }
  ],
  "meta": {
    "mocha": {
      "version": "7.0.1"
    },
    "mochawesome": {
      "options": {
        "quiet": true,
        "reportFilename": "mochawesome",
        "saveHtml": false,
        "saveJson": true,
        "consoleReporter": "spec",
        "useInlineDiffs": false,
        "code": true
      },
      "version": "7.0.1"
    },
    "marge": {
      "options": {
        "id": "default",
        "reportDir": "mochawesome-report",
        "quiet": true,
        "overwrite": false,
        "html": false,
        "json": true
      },
      "version": "6.0.1"
    }
  }
}