{
  "stats": {
    "suites": 1,
    "tests": 1,
    "passes": 1,
    "pending": 0,
    "failures": 0,
    "start": "2022-02-01T19:55:26.742Z",
    "end": "2022-02-01T19:55:33.061Z",
    "duration": 6319,
    "testsRegistered": 1,
    "passPercent": 100,
    "pendingPercent": 0,
    "other": 0,
    "hasOther": false,
    "skipped": 0,
    "hasSkipped": false
  },
  "results": [
    {
      "uuid": "09826385-1647-43bb-b313-122812f2d8c3",
      "title": "",
      "fullFile": "cypress/integration/cart.spec.js",
      "file": "cypress/integration/cart.spec.js",
      "beforeHooks": [],
      "afterHooks": [],
      "tests": [],
      "suites": [
        {
          "uuid": "cb4a98ff-697c-44c2-bd38-76073f7b7151",
          "title": "Cart Page",
          "fullFile": "",
          "file": "",
          "beforeHooks": [],
          "afterHooks": [],
          "tests": [
            {
              "title": "Add unit of product items using the \"+\" button",
              "fullTitle": "Cart Page Add unit of product items using the \"+\" button",
              "timedOut": null,
              "duration": 6284,
              "state": "passed",
              "speed": "medium",
              "pass": true,
              "fail": false,
              "pending": false,
              "context": null,
              "code": "cy.visit('/');\ncy.get('form#search_mini_form div span input#search').type('Piso');",
              "err": {},
              "uuid": "2cd316f0-0a5c-4414-83bf-9b1c30c1e3bd",
              "parentUUID": "cb4a98ff-697c-44c2-bd38-76073f7b7151",
              "isHook": false,
              "skipped": false
            }
          ],
          "suites": [],
          "passes": [
            "2cd316f0-0a5c-4414-83bf-9b1c30c1e3bd"
          ],
          "failures": [],
          "pending": [],
          "skipped": [],
          "duration": 6284,
          "root": false,
          "rootEmpty": false,
          "_timeout": 2000
        }
      ],
      "passes": [],
      "failures": [],
      "pending": [],
      "skipped": [],
      "duration": 0,
      "root": true,
      "rootEmpty": true,
      "_timeout": 2000
    }
  ],
  "meta": {
    "mocha": {
      "version": "7.0.1"
    },
    "mochawesome": {
      "options": {
        "quiet": true,
        "reportFilename": "mochawesome",
        "saveHtml": false,
        "saveJson": true,
        "consoleReporter": "spec",
        "useInlineDiffs": false,
        "code": true
      },
      "version": "7.0.1"
    },
    "marge": {
      "options": {
        "id": "default",
        "reportDir": "mochawesome-report",
        "quiet": true,
        "overwrite": false,
        "html": false,
        "json": true
      },
      "version": "6.0.1"
    }
  }
}