{
  "stats": {
    "suites": 1,
    "tests": 1,
    "passes": 1,
    "pending": 0,
    "failures": 0,
    "start": "2022-02-08T14:34:01.365Z",
    "end": "2022-02-08T14:34:10.143Z",
    "duration": 8778,
    "testsRegistered": 1,
    "passPercent": 100,
    "pendingPercent": 0,
    "other": 0,
    "hasOther": false,
    "skipped": 0,
    "hasSkipped": false
  },
  "results": [
    {
      "uuid": "0c37b351-4939-478f-971b-30771e2fb926",
      "title": "",
      "fullFile": "cypress/integration/signupCustomer.spec.js",
      "file": "cypress/integration/signupCustomer.spec.js",
      "beforeHooks": [],
      "afterHooks": [],
      "tests": [],
      "suites": [
        {
          "uuid": "21807b88-3f8e-44c1-a133-0d7e91f03159",
          "title": "SignUp Page Customer",
          "fullFile": "",
          "file": "",
          "beforeHooks": [],
          "afterHooks": [],
          "tests": [
            {
              "title": "Incorrect document",
              "fullTitle": "SignUp Page Customer Incorrect document",
              "timedOut": null,
              "duration": 8726,
              "state": "passed",
              "speed": "medium",
              "pass": true,
              "fail": false,
              "pending": false,
              "context": null,
              "code": "var customer = _SignupFactory.default.customer();\ncustomer.cpf = 'AAAx481255@AAAAAAA';\n_SignupPage.default.fillFormCustomer(customer);\n_SignupPage.default.submit();\n_SignupPage.default.alertInvalidRequiredField('O CPF/CNPJ informado não é um CPF/CNPJ válido.');",
              "err": {},
              "uuid": "f6e7a13b-6984-4d54-af55-092de7b122a8",
              "parentUUID": "21807b88-3f8e-44c1-a133-0d7e91f03159",
              "isHook": false,
              "skipped": false
            }
          ],
          "suites": [],
          "passes": [
            "f6e7a13b-6984-4d54-af55-092de7b122a8"
          ],
          "failures": [],
          "pending": [],
          "skipped": [],
          "duration": 8726,
          "root": false,
          "rootEmpty": false,
          "_timeout": 2000
        }
      ],
      "passes": [],
      "failures": [],
      "pending": [],
      "skipped": [],
      "duration": 0,
      "root": true,
      "rootEmpty": true,
      "_timeout": 2000
    }
  ],
  "meta": {
    "mocha": {
      "version": "7.0.1"
    },
    "mochawesome": {
      "options": {
        "quiet": true,
        "reportFilename": "mochawesome",
        "saveHtml": false,
        "saveJson": true,
        "consoleReporter": "spec",
        "useInlineDiffs": false,
        "code": true
      },
      "version": "7.0.1"
    },
    "marge": {
      "options": {
        "id": "default",
        "reportDir": "mochawesome-report",
        "quiet": true,
        "overwrite": false,
        "html": false,
        "json": true
      },
      "version": "6.0.1"
    }
  }
}