{
  "stats": {
    "suites": 1,
    "tests": 1,
    "passes": 0,
    "pending": 3,
    "failures": -2,
    "start": "2021-12-09T12:16:03.383Z",
    "end": "2021-12-09T12:16:03.415Z",
    "duration": 32,
    "testsRegistered": 3,
    "passPercent": null,
    "pendingPercent": 100,
    "other": 2,
    "hasOther": true,
    "skipped": 0,
    "hasSkipped": false
  },
  "results": [
    {
      "uuid": "b5912013-5507-495f-97da-19a01a8351f9",
      "title": "",
      "fullFile": "cypress/integration/registrationCustomerCompany.spec.js",
      "file": "cypress/integration/registrationCustomerCompany.spec.js",
      "beforeHooks": [],
      "afterHooks": [],
      "tests": [],
      "suites": [
        {
          "uuid": "c26b6c87-12dd-4288-835f-36146db5d8b0",
          "title": "Registration Customer Company",
          "fullFile": "",
          "file": "",
          "beforeHooks": [],
          "afterHooks": [],
          "tests": [
            {
              "title": "Create Customer",
              "fullTitle": "Registration Customer Company Create Customer",
              "timedOut": null,
              "duration": 0,
              "state": "pending",
              "speed": null,
              "pass": false,
              "fail": false,
              "pending": true,
              "context": null,
              "code": "",
              "err": {},
              "uuid": "4f84a88c-e0ef-4cf2-a857-bc9a60c468ea",
              "parentUUID": "c26b6c87-12dd-4288-835f-36146db5d8b0",
              "isHook": false,
              "skipped": false
            },
            {
              "title": "Validate existing taxvat",
              "fullTitle": "Registration Customer Company Validate existing taxvat",
              "timedOut": null,
              "duration": 0,
              "state": "pending",
              "speed": null,
              "pass": false,
              "fail": false,
              "pending": true,
              "context": null,
              "code": "",
              "err": {},
              "uuid": "e7fc0901-3fa5-4d0f-9a51-aa4a1bd589df",
              "parentUUID": "c26b6c87-12dd-4288-835f-36146db5d8b0",
              "isHook": false,
              "skipped": false
            },
            {
              "title": "Validate existing e-mail",
              "fullTitle": "Registration Customer Company Validate existing e-mail",
              "timedOut": null,
              "duration": 0,
              "state": "pending",
              "speed": null,
              "pass": false,
              "fail": false,
              "pending": true,
              "context": null,
              "code": "",
              "err": {},
              "uuid": "e8b11fe5-684f-4c23-907e-be4608b15518",
              "parentUUID": "c26b6c87-12dd-4288-835f-36146db5d8b0",
              "isHook": false,
              "skipped": false
            }
          ],
          "suites": [],
          "passes": [],
          "failures": [],
          "pending": [
            "4f84a88c-e0ef-4cf2-a857-bc9a60c468ea",
            "e7fc0901-3fa5-4d0f-9a51-aa4a1bd589df",
            "e8b11fe5-684f-4c23-907e-be4608b15518"
          ],
          "skipped": [],
          "duration": 0,
          "root": false,
          "rootEmpty": false,
          "_timeout": 2000
        }
      ],
      "passes": [],
      "failures": [],
      "pending": [],
      "skipped": [],
      "duration": 0,
      "root": true,
      "rootEmpty": true,
      "_timeout": 2000
    }
  ],
  "meta": {
    "mocha": {
      "version": "7.0.1"
    },
    "mochawesome": {
      "options": {
        "quiet": true,
        "reportFilename": "mochawesome",
        "saveHtml": false,
        "saveJson": true,
        "consoleReporter": "spec",
        "useInlineDiffs": false,
        "code": true
      },
      "version": "7.0.1"
    },
    "marge": {
      "options": {
        "id": "default",
        "reportDir": "mochawesome-report",
        "quiet": true,
        "overwrite": false,
        "html": false,
        "json": true
      },
      "version": "6.0.1"
    }
  }
}